[debug] [2026-03-03T16:25:08.934Z] ----------------------------------------------------------------------
[debug] [2026-03-03T16:25:08.939Z] Command:       C:\Program Files\nodejs\node.exe C:\Users\danial\AppData\Roaming\npm\node_modules\firebase-tools\lib\bin\firebase.js deploy --only functions
[debug] [2026-03-03T16:25:08.939Z] CLI Version:   15.8.0
[debug] [2026-03-03T16:25:08.939Z] Platform:      win32
[debug] [2026-03-03T16:25:08.939Z] Node Version:  v24.11.1
[debug] [2026-03-03T16:25:08.940Z] Time:          Wed Mar 04 2026 00:25:08 GMT+0800 (Singapore Standard Time)
[debug] [2026-03-03T16:25:08.940Z] ----------------------------------------------------------------------
[debug] 
[debug] [2026-03-03T16:25:10.706Z] > command requires scopes: ["email","openid","https://www.googleapis.com/auth/cloudplatformprojects.readonly","https://www.googleapis.com/auth/firebase","https://www.googleapis.com/auth/cloud-platform"]
[debug] [2026-03-03T16:25:10.706Z] > authorizing via signed-in user (danialcoolkid@gmail.com)
[debug] [2026-03-03T16:25:10.706Z] [iam] checking project jimatbite for permissions ["cloudfunctions.functions.create","cloudfunctions.functions.delete","cloudfunctions.functions.get","cloudfunctions.functions.list","cloudfunctions.functions.update","cloudfunctions.operations.get","firebase.projects.get"]
[debug] [2026-03-03T16:25:10.707Z] Checked if tokens are valid: true, expires at: 1772558194911
[debug] [2026-03-03T16:25:10.707Z] Checked if tokens are valid: true, expires at: 1772558194911
[debug] [2026-03-03T16:25:10.708Z] >>> [apiv2][query] POST https://cloudresourcemanager.googleapis.com/v1/projects/jimatbite:testIamPermissions [none]
[debug] [2026-03-03T16:25:10.708Z] >>> [apiv2][(partial)header] POST https://cloudresourcemanager.googleapis.com/v1/projects/jimatbite:testIamPermissions  x-goog-user-project=jimatbite
[debug] [2026-03-03T16:25:10.708Z] >>> [apiv2][body] POST https://cloudresourcemanager.googleapis.com/v1/projects/jimatbite:testIamPermissions {"permissions":["cloudfunctions.functions.create","cloudfunctions.functions.delete","cloudfunctions.functions.get","cloudfunctions.functions.list","cloudfunctions.functions.update","cloudfunctions.operations.get","firebase.projects.get"]}
[debug] [2026-03-03T16:25:11.827Z] <<< [apiv2][status] POST https://cloudresourcemanager.googleapis.com/v1/projects/jimatbite:testIamPermissions 200
[debug] [2026-03-03T16:25:11.827Z] <<< [apiv2][body] POST https://cloudresourcemanager.googleapis.com/v1/projects/jimatbite:testIamPermissions {"permissions":["cloudfunctions.functions.create","cloudfunctions.functions.delete","cloudfunctions.functions.get","cloudfunctions.functions.list","cloudfunctions.functions.update","cloudfunctions.operations.get","firebase.projects.get"]}
[debug] [2026-03-03T16:25:11.827Z] Checked if tokens are valid: true, expires at: 1772558194911
[debug] [2026-03-03T16:25:11.827Z] Checked if tokens are valid: true, expires at: 1772558194911
[debug] [2026-03-03T16:25:11.827Z] >>> [apiv2][query] POST https://iam.googleapis.com/v1/projects/jimatbite/serviceAccounts/jimatbite@appspot.gserviceaccount.com:testIamPermissions [none]
[debug] [2026-03-03T16:25:11.827Z] >>> [apiv2][body] POST https://iam.googleapis.com/v1/projects/jimatbite/serviceAccounts/jimatbite@appspot.gserviceaccount.com:testIamPermissions {"permissions":["iam.serviceAccounts.actAs"]}
[debug] [2026-03-03T16:25:13.109Z] <<< [apiv2][status] POST https://iam.googleapis.com/v1/projects/jimatbite/serviceAccounts/jimatbite@appspot.gserviceaccount.com:testIamPermissions 200
[debug] [2026-03-03T16:25:13.109Z] <<< [apiv2][body] POST https://iam.googleapis.com/v1/projects/jimatbite/serviceAccounts/jimatbite@appspot.gserviceaccount.com:testIamPermissions {"permissions":["iam.serviceAccounts.actAs"]}
[info] 
[info] === Deploying to 'jimatbite'...
[info] 
[info] i  deploying functions 
[info] Running command: npm --prefix "$RESOURCE_DIR" run build
[info] +  functions: Finished running predeploy script. 
[debug] [2026-03-03T16:25:19.595Z] Checked if tokens are valid: true, expires at: 1772558194911
[debug] [2026-03-03T16:25:19.595Z] Checked if tokens are valid: true, expires at: 1772558194911
[debug] [2026-03-03T16:25:19.596Z] >>> [apiv2][query] GET https://cloudresourcemanager.googleapis.com/v1/projects/jimatbite [none]
[debug] [2026-03-03T16:25:19.876Z] <<< [apiv2][status] GET https://cloudresourcemanager.googleapis.com/v1/projects/jimatbite 200
[debug] [2026-03-03T16:25:19.876Z] <<< [apiv2][body] GET https://cloudresourcemanager.googleapis.com/v1/projects/jimatbite {"projectNumber":"99439612556","projectId":"jimatbite","lifecycleState":"ACTIVE","name":"JimatBite","labels":{"firebase":"enabled","firebase-core":"disabled"},"createTime":"2025-12-17T16:53:51.343539Z"}
[info] i  functions: preparing codebase default for deployment 
[info] i  functions: ensuring required API cloudfunctions.googleapis.com is enabled... 
[info] i  functions: ensuring required API cloudbuild.googleapis.com is enabled... 
[info] i  artifactregistry: ensuring required API artifactregistry.googleapis.com is enabled... 
[debug] [2026-03-03T16:25:19.885Z] Checked if tokens are valid: true, expires at: 1772558194911
[debug] [2026-03-03T16:25:19.885Z] Checked if tokens are valid: true, expires at: 1772558194911
[debug] [2026-03-03T16:25:19.885Z] >>> [apiv2][query] GET https://firebase.googleapis.com/v1beta1/projects/jimatbite/adminSdkConfig [none]
[debug] [2026-03-03T16:25:20.419Z] <<< [apiv2][status] GET https://firebase.googleapis.com/v1beta1/projects/jimatbite/adminSdkConfig 200
[debug] [2026-03-03T16:25:20.420Z] <<< [apiv2][body] GET https://firebase.googleapis.com/v1beta1/projects/jimatbite/adminSdkConfig {"projectId":"jimatbite","storageBucket":"jimatbite.firebasestorage.app"}
[debug] [2026-03-03T16:25:20.425Z] Validating nodejs source
[warn] !  functions: Runtime Node.js 20 will be deprecated on 2026-04-30 and will be decommissioned on 2026-10-30, after which you will not be able to deploy without upgrading. Consider upgrading now to avoid disruption. See https://cloud.google.com/functions/docs/runtime-support for full details on the lifecycle policy 
[debug] [2026-03-03T16:25:21.475Z] > [functions] package.json contents: {
  "name": "functions",
  "scripts": {
    "lint": "eslint .",
    "build": "tsc",
    "build:watch": "tsc --watch",
    "serve": "npm run build && firebase emulators:start --only functions",
    "shell": "npm run build && firebase functions:shell",
    "start": "npm run shell",
    "deploy": "firebase deploy --only functions",
    "logs": "firebase functions:log"
  },
  "engines": {
    "node": "20"
  },
  "main": "lib/index.js",
  "dependencies": {
    "firebase-admin": "^13.6.0",
    "firebase-functions": "^7.0.0"
  },
  "devDependencies": {
    "@typescript-eslint/eslint-plugin": "^5.12.0",
    "@typescript-eslint/parser": "^5.12.0",
    "eslint": "^8.9.0",
    "eslint-config-google": "^0.14.0",
    "eslint-plugin-import": "^2.25.4",
    "firebase-functions-test": "^3.4.1",
    "typescript": "^5.7.3"
  },
  "private": true
}
[debug] [2026-03-03T16:25:21.475Z] Building nodejs source
[info] i  functions: Loading and analyzing source code for codebase default to determine what to deploy 
[debug] [2026-03-03T16:25:21.476Z] Could not find functions.yaml. Must use http discovery
[debug] [2026-03-03T16:25:21.487Z] Found firebase-functions binary at 'C:\React Projects\JimatBite\JimatBiteApp\functions\node_modules\.bin\firebase-functions'
[info] Serving at port 8629

[debug] [2026-03-03T16:25:22.199Z] Got response from /__/functions.yaml {"endpoints":{"updateDynamicPricing":{"platform":"gcfv1","availableMemoryMb":null,"timeoutSeconds":null,"minInstances":null,"maxInstances":null,"ingressSettings":null,"serviceAccountEmail":null,"vpc":null,"scheduleTrigger":{"schedule":"every 30 minutes","retryConfig":{"retryCount":null,"maxDoublings":null,"maxRetryDuration":null,"maxBackoffDuration":null,"minBackoffDuration":null},"timeZone":"Asia/Kuala_Lumpur"},"labels":{},"entryPoint":"updateDynamicPricing"}},"specVersion":"v1alpha1","requiredAPIs":[{"api":"cloudscheduler.googleapis.com","reason":"Needed for scheduled functions."}],"extensions":{}}
[info] i  extensions: ensuring required API firebaseextensions.googleapis.com is enabled... 
[debug] [2026-03-03T16:25:26.232Z] > command requires scopes: ["email","openid","https://www.googleapis.com/auth/cloudplatformprojects.readonly","https://www.googleapis.com/auth/firebase","https://www.googleapis.com/auth/cloud-platform"]
[debug] [2026-03-03T16:25:26.233Z] > authorizing via signed-in user (danialcoolkid@gmail.com)
[debug] [2026-03-03T16:25:26.233Z] [iam] checking project jimatbite for permissions ["firebase.projects.get","firebaseextensions.instances.list"]
[debug] [2026-03-03T16:25:26.233Z] Checked if tokens are valid: true, expires at: 1772558194911
[debug] [2026-03-03T16:25:26.233Z] Checked if tokens are valid: true, expires at: 1772558194911
[debug] [2026-03-03T16:25:26.233Z] >>> [apiv2][query] POST https://cloudresourcemanager.googleapis.com/v1/projects/jimatbite:testIamPermissions [none]
[debug] [2026-03-03T16:25:26.233Z] >>> [apiv2][(partial)header] POST https://cloudresourcemanager.googleapis.com/v1/projects/jimatbite:testIamPermissions  x-goog-user-project=jimatbite
[debug] [2026-03-03T16:25:26.233Z] >>> [apiv2][body] POST https://cloudresourcemanager.googleapis.com/v1/projects/jimatbite:testIamPermissions {"permissions":["firebase.projects.get","firebaseextensions.instances.list"]}
[debug] [2026-03-03T16:25:27.317Z] <<< [apiv2][status] POST https://cloudresourcemanager.googleapis.com/v1/projects/jimatbite:testIamPermissions 200
[debug] [2026-03-03T16:25:27.317Z] <<< [apiv2][body] POST https://cloudresourcemanager.googleapis.com/v1/projects/jimatbite:testIamPermissions {"permissions":["firebase.projects.get","firebaseextensions.instances.list"]}
[debug] [2026-03-03T16:25:27.317Z] Checked if tokens are valid: true, expires at: 1772558194911
[debug] [2026-03-03T16:25:27.317Z] Checked if tokens are valid: true, expires at: 1772558194911
[debug] [2026-03-03T16:25:27.317Z] >>> [apiv2][query] GET https://firebaseextensions.googleapis.com/v1beta/projects/jimatbite/instances pageSize=100&pageToken=
[debug] [2026-03-03T16:25:28.555Z] <<< [apiv2][status] GET https://firebaseextensions.googleapis.com/v1beta/projects/jimatbite/instances 200
[debug] [2026-03-03T16:25:28.555Z] <<< [apiv2][body] GET https://firebaseextensions.googleapis.com/v1beta/projects/jimatbite/instances {}
[info] i  functions: preparing functions directory for uploading... 
[info] i  functions: packaged C:\React Projects\JimatBite\JimatBiteApp\functions (101.85 KB) for uploading 
[debug] [2026-03-03T16:25:28.621Z] Checked if tokens are valid: true, expires at: 1772558194911
[debug] [2026-03-03T16:25:28.621Z] Checked if tokens are valid: true, expires at: 1772558194911
[debug] [2026-03-03T16:25:28.622Z] >>> [apiv2][query] GET https://cloudfunctions.googleapis.com/v1/projects/jimatbite/locations/-/functions [none]
[debug] [2026-03-03T16:25:29.329Z] <<< [apiv2][status] GET https://cloudfunctions.googleapis.com/v1/projects/jimatbite/locations/-/functions 200
[debug] [2026-03-03T16:25:29.330Z] <<< [apiv2][body] GET https://cloudfunctions.googleapis.com/v1/projects/jimatbite/locations/-/functions {}
[debug] [2026-03-03T16:25:29.330Z] Checked if tokens are valid: true, expires at: 1772558194911
[debug] [2026-03-03T16:25:29.330Z] Checked if tokens are valid: true, expires at: 1772558194911
[debug] [2026-03-03T16:25:29.330Z] >>> [apiv2][query] GET https://cloudfunctions.googleapis.com/v2/projects/jimatbite/locations/-/functions filter=environment%3D%22GEN_2%22
[debug] [2026-03-03T16:25:30.887Z] <<< [apiv2][status] GET https://cloudfunctions.googleapis.com/v2/projects/jimatbite/locations/-/functions 200
[debug] [2026-03-03T16:25:30.888Z] <<< [apiv2][body] GET https://cloudfunctions.googleapis.com/v2/projects/jimatbite/locations/-/functions {}
[info] i  functions: ensuring required API cloudscheduler.googleapis.com is enabled... 
[debug] [2026-03-03T16:25:30.904Z] Checked if tokens are valid: true, expires at: 1772558194911
[debug] [2026-03-03T16:25:30.904Z] Checked if tokens are valid: true, expires at: 1772558194911
[debug] [2026-03-03T16:25:30.905Z] >>> [apiv2][query] GET https://cloudresourcemanager.googleapis.com/v1/projects/jimatbite [none]
[debug] [2026-03-03T16:25:31.159Z] <<< [apiv2][status] GET https://cloudresourcemanager.googleapis.com/v1/projects/jimatbite 200
[debug] [2026-03-03T16:25:31.159Z] <<< [apiv2][body] GET https://cloudresourcemanager.googleapis.com/v1/projects/jimatbite {"projectNumber":"99439612556","projectId":"jimatbite","lifecycleState":"ACTIVE","name":"JimatBite","labels":{"firebase":"enabled","firebase-core":"disabled"},"createTime":"2025-12-17T16:53:51.343539Z"}
[debug] [2026-03-03T16:25:31.160Z] Checked if tokens are valid: true, expires at: 1772558194911
[debug] [2026-03-03T16:25:31.160Z] Checked if tokens are valid: true, expires at: 1772558194911
[debug] [2026-03-03T16:25:31.160Z] >>> [apiv2][query] GET https://cloudbilling.googleapis.com/v1/projects/jimatbite/billingInfo [none]
[debug] [2026-03-03T16:25:32.433Z] <<< [apiv2][status] GET https://cloudbilling.googleapis.com/v1/projects/jimatbite/billingInfo 200
[debug] [2026-03-03T16:25:32.433Z] <<< [apiv2][body] GET https://cloudbilling.googleapis.com/v1/projects/jimatbite/billingInfo {"name":"projects/jimatbite/billingInfo","projectId":"jimatbite","billingAccountName":"billingAccounts/011DBB-26213D-2FFB5D","billingEnabled":true}
[debug] [2026-03-03T16:25:32.437Z] Checked if tokens are valid: true, expires at: 1772558194911
[debug] [2026-03-03T16:25:32.437Z] Checked if tokens are valid: true, expires at: 1772558194911
[debug] [2026-03-03T16:25:32.438Z] >>> [apiv2][query] POST https://cloudfunctions.googleapis.com/v1/projects/jimatbite/locations/us-central1/functions:generateUploadUrl [none]
[debug] [2026-03-03T16:25:32.438Z] >>> [apiv2][body] POST https://cloudfunctions.googleapis.com/v1/projects/jimatbite/locations/us-central1/functions:generateUploadUrl {}
[debug] [2026-03-03T16:25:33.145Z] <<< [apiv2][status] POST https://cloudfunctions.googleapis.com/v1/projects/jimatbite/locations/us-central1/functions:generateUploadUrl 200
[debug] [2026-03-03T16:25:33.145Z] <<< [apiv2][body] POST https://cloudfunctions.googleapis.com/v1/projects/jimatbite/locations/us-central1/functions:generateUploadUrl {"uploadUrl":"https://storage.googleapis.com/uploads-435053250983.us-central1.cloudfunctions.appspot.com/d780e3ef-f5cc-4831-bab6-f84ca92c8152.zip?GoogleAccessId=service-99439612556@gcf-admin-robot.iam.gserviceaccount.com&Expires=1772556933&Signature=YA%2B47jAYwk66KTxsRx9v07JqRUl4ELBJhzC1jsoaV7qT3gAxobQeFGV2%2FQJvZHG7Zd0w1VQ5uqDpZWXF2nYwd26IZzlFOKVjJ7q2wFct8zifF1QcL87aZRWDzntDBvozIcxVs%2Bykq7p6Soh7OzsZ%2B%2BvMpRMwDJdEHR05crz7XNFuWoL6MHQOeieUT7O0Ye5jYkw7Le5JjRUqYqygxlyfIvXqMibD1By7X55uBLjzCDDbWowMTnig%2FLsF0flzYfEWp90Y%2FNGyJIvGnqreKrNv%2BXZ%2BilmOtjrnymJ%2B30mpn%2BS4owpbHklyQW8PTF1fDC1JYLC9ymoxz1Atq9vZYuLYqg%3D%3D"}
[debug] [2026-03-03T16:25:33.147Z] >>> [apiv2][query] PUT https://storage.googleapis.com/uploads-435053250983.us-central1.cloudfunctions.appspot.com/d780e3ef-f5cc-4831-bab6-f84ca92c8152.zip GoogleAccessId=service-99439612556%40gcf-admin-robot.iam.gserviceaccount.com&Expires=1772556933&Signature=YA%2B47jAYwk66KTxsRx9v07JqRUl4ELBJhzC1jsoaV7qT3gAxobQeFGV2%2FQJvZHG7Zd0w1VQ5uqDpZWXF2nYwd26IZzlFOKVjJ7q2wFct8zifF1QcL87aZRWDzntDBvozIcxVs%2Bykq7p6Soh7OzsZ%2B%2BvMpRMwDJdEHR05crz7XNFuWoL6MHQOeieUT7O0Ye5jYkw7Le5JjRUqYqygxlyfIvXqMibD1By7X55uBLjzCDDbWowMTnig%2FLsF0flzYfEWp90Y%2FNGyJIvGnqreKrNv%2BXZ%2BilmOtjrnymJ%2B30mpn%2BS4owpbHklyQW8PTF1fDC1JYLC9ymoxz1Atq9vZYuLYqg%3D%3D
[debug] [2026-03-03T16:25:33.147Z] >>> [apiv2][body] PUT https://storage.googleapis.com/uploads-435053250983.us-central1.cloudfunctions.appspot.com/d780e3ef-f5cc-4831-bab6-f84ca92c8152.zip [stream]
[debug] [2026-03-03T16:25:35.207Z] <<< [apiv2][status] PUT https://storage.googleapis.com/uploads-435053250983.us-central1.cloudfunctions.appspot.com/d780e3ef-f5cc-4831-bab6-f84ca92c8152.zip 200
[debug] [2026-03-03T16:25:35.207Z] <<< [apiv2][body] PUT https://storage.googleapis.com/uploads-435053250983.us-central1.cloudfunctions.appspot.com/d780e3ef-f5cc-4831-bab6-f84ca92c8152.zip [omitted]
[info] +  functions: functions source uploaded successfully 
[info] i  functions: creating Node.js 20 (1st Gen) function updateDynamicPricing(us-central1)... 
[debug] [2026-03-03T16:25:35.211Z] Checked if tokens are valid: true, expires at: 1772558194911
[debug] [2026-03-03T16:25:35.211Z] Checked if tokens are valid: true, expires at: 1772558194911
[debug] [2026-03-03T16:25:35.211Z] >>> [apiv2][query] POST https://cloudfunctions.googleapis.com/v1/projects/jimatbite/locations/us-central1/functions [none]
[debug] [2026-03-03T16:25:35.211Z] >>> [apiv2][body] POST https://cloudfunctions.googleapis.com/v1/projects/jimatbite/locations/us-central1/functions {"name":"projects/jimatbite/locations/us-central1/functions/updateDynamicPricing","sourceUploadUrl":"https://storage.googleapis.com/uploads-435053250983.us-central1.cloudfunctions.appspot.com/d780e3ef-f5cc-4831-bab6-f84ca92c8152.zip?GoogleAccessId=service-99439612556@gcf-admin-robot.iam.gserviceaccount.com&Expires=1772556933&Signature=YA%2B47jAYwk66KTxsRx9v07JqRUl4ELBJhzC1jsoaV7qT3gAxobQeFGV2%2FQJvZHG7Zd0w1VQ5uqDpZWXF2nYwd26IZzlFOKVjJ7q2wFct8zifF1QcL87aZRWDzntDBvozIcxVs%2Bykq7p6Soh7OzsZ%2B%2BvMpRMwDJdEHR05crz7XNFuWoL6MHQOeieUT7O0Ye5jYkw7Le5JjRUqYqygxlyfIvXqMibD1By7X55uBLjzCDDbWowMTnig%2FLsF0flzYfEWp90Y%2FNGyJIvGnqreKrNv%2BXZ%2BilmOtjrnymJ%2B30mpn%2BS4owpbHklyQW8PTF1fDC1JYLC9ymoxz1Atq9vZYuLYqg%3D%3D","entryPoint":"updateDynamicPricing","runtime":"nodejs20","dockerRegistry":"ARTIFACT_REGISTRY","labels":{"deployment-tool":"cli-firebase","deployment-scheduled":"true","firebase-functions-hash":"480d6531dd8a40b57394aed0fa462b9aa1b5bf49"},"eventTrigger":{"eventType":"google.pubsub.topic.publish","resource":"projects/jimatbite/topics/firebase-schedule-updateDynamicPricing-us-central1"},"minInstances":null,"maxInstances":null,"ingressSettings":null,"environmentVariables":{"FIREBASE_CONFIG":"{\"projectId\":\"jimatbite\",\"storageBucket\":\"jimatbite.firebasestorage.app\"}","GCLOUD_PROJECT":"jimatbite","EVENTARC_CLOUD_EVENT_SOURCE":"projects/jimatbite/locations/us-central1/functions/updateDynamicPricing"},"serviceAccountEmail":null,"availableMemoryMb":null,"timeout":null,"vpcConnector":null,"vpcConnectorEgressSettings":null,"buildEnvironmentVariables":{"GOOGLE_NODE_RUN_SCRIPTS":""}}
[debug] [2026-03-03T16:25:37.006Z] <<< [apiv2][status] POST https://cloudfunctions.googleapis.com/v1/projects/jimatbite/locations/us-central1/functions 200
[debug] [2026-03-03T16:25:37.006Z] <<< [apiv2][body] POST https://cloudfunctions.googleapis.com/v1/projects/jimatbite/locations/us-central1/functions {"name":"operations/cHJvamVjdHMvamltYXRiaXRlL2xvY2F0aW9ucy91cy1jZW50cmFsMS9vcGVyYXRpb25zL29wZXJhdGlvbi0xNzcyNTU1MTM1NTkwLTY0YzIxMjczMzlmNTMtMmRiMDUxZTQtNzFkNDZiMDI","metadata":{"@type":"type.googleapis.com/google.cloud.functions.v1.OperationMetadataV1","target":"projects/jimatbite/locations/us-central1/functions/updateDynamicPricing","updateTime":"2026-03-03T16:25:36.942880155Z"}}
[debug] [2026-03-03T16:25:37.006Z] Checked if tokens are valid: true, expires at: 1772558194911
[debug] [2026-03-03T16:25:37.006Z] Checked if tokens are valid: true, expires at: 1772558194911
[debug] [2026-03-03T16:25:37.006Z] >>> [apiv2][query] GET https://cloudfunctions.googleapis.com/v1/operations/cHJvamVjdHMvamltYXRiaXRlL2xvY2F0aW9ucy91cy1jZW50cmFsMS9vcGVyYXRpb25zL29wZXJhdGlvbi0xNzcyNTU1MTM1NTkwLTY0YzIxMjczMzlmNTMtMmRiMDUxZTQtNzFkNDZiMDI [none]
[debug] [2026-03-03T16:25:37.386Z] <<< [apiv2][status] GET https://cloudfunctions.googleapis.com/v1/operations/cHJvamVjdHMvamltYXRiaXRlL2xvY2F0aW9ucy91cy1jZW50cmFsMS9vcGVyYXRpb25zL29wZXJhdGlvbi0xNzcyNTU1MTM1NTkwLTY0YzIxMjczMzlmNTMtMmRiMDUxZTQtNzFkNDZiMDI 200
[debug] [2026-03-03T16:25:37.386Z] <<< [apiv2][body] GET https://cloudfunctions.googleapis.com/v1/operations/cHJvamVjdHMvamltYXRiaXRlL2xvY2F0aW9ucy91cy1jZW50cmFsMS9vcGVyYXRpb25zL29wZXJhdGlvbi0xNzcyNTU1MTM1NTkwLTY0YzIxMjczMzlmNTMtMmRiMDUxZTQtNzFkNDZiMDI {"name":"operations/cHJvamVjdHMvamltYXRiaXRlL2xvY2F0aW9ucy91cy1jZW50cmFsMS9vcGVyYXRpb25zL29wZXJhdGlvbi0xNzcyNTU1MTM1NTkwLTY0YzIxMjczMzlmNTMtMmRiMDUxZTQtNzFkNDZiMDI","metadata":{"@type":"type.googleapis.com/google.cloud.functions.v1.OperationMetadataV1","target":"projects/jimatbite/locations/us-central1/functions/updateDynamicPricing","updateTime":"2026-03-03T16:25:36.942880155Z"}}
[debug] [2026-03-03T16:25:37.901Z] [create-default-us-central1-updateDynamicPricing] Retrying task index 0
[debug] [2026-03-03T16:25:37.901Z] Checked if tokens are valid: true, expires at: 1772558194911
[debug] [2026-03-03T16:25:37.902Z] Checked if tokens are valid: true, expires at: 1772558194911
[debug] [2026-03-03T16:25:37.902Z] >>> [apiv2][query] GET https://cloudfunctions.googleapis.com/v1/operations/cHJvamVjdHMvamltYXRiaXRlL2xvY2F0aW9ucy91cy1jZW50cmFsMS9vcGVyYXRpb25zL29wZXJhdGlvbi0xNzcyNTU1MTM1NTkwLTY0YzIxMjczMzlmNTMtMmRiMDUxZTQtNzFkNDZiMDI [none]
[debug] [2026-03-03T16:25:38.273Z] <<< [apiv2][status] GET https://cloudfunctions.googleapis.com/v1/operations/cHJvamVjdHMvamltYXRiaXRlL2xvY2F0aW9ucy91cy1jZW50cmFsMS9vcGVyYXRpb25zL29wZXJhdGlvbi0xNzcyNTU1MTM1NTkwLTY0YzIxMjczMzlmNTMtMmRiMDUxZTQtNzFkNDZiMDI 200
[debug] [2026-03-03T16:25:38.273Z] <<< [apiv2][body] GET https://cloudfunctions.googleapis.com/v1/operations/cHJvamVjdHMvamltYXRiaXRlL2xvY2F0aW9ucy91cy1jZW50cmFsMS9vcGVyYXRpb25zL29wZXJhdGlvbi0xNzcyNTU1MTM1NTkwLTY0YzIxMjczMzlmNTMtMmRiMDUxZTQtNzFkNDZiMDI {"name":"operations/cHJvamVjdHMvamltYXRiaXRlL2xvY2F0aW9ucy91cy1jZW50cmFsMS9vcGVyYXRpb25zL29wZXJhdGlvbi0xNzcyNTU1MTM1NTkwLTY0YzIxMjczMzlmNTMtMmRiMDUxZTQtNzFkNDZiMDI","metadata":{"@type":"type.googleapis.com/google.cloud.functions.v1.OperationMetadataV1","target":"projects/jimatbite/locations/us-central1/functions/updateDynamicPricing","type":"CREATE_FUNCTION","request":{"@type":"type.googleapis.com/google.cloud.functions.v1.CloudFunction","name":"projects/jimatbite/locations/us-central1/functions/updateDynamicPricing","eventTrigger":{"eventType":"google.pubsub.topic.publish","resource":"projects/jimatbite/topics/firebase-schedule-updateDynamicPricing-us-central1","failurePolicy":{}},"entryPoint":"updateDynamicPricing","updateTime":"1970-01-01T00:00:00Z","labels":{"deployment-tool":"cli-firebase","deployment-scheduled":"true","firebase-functions-hash":"480d6531dd8a40b57394aed0fa462b9aa1b5bf49"},"sourceUploadUrl":"https://storage.googleapis.com/uploads-435053250983.us-central1.cloudfunctions.appspot.com/d780e3ef-f5cc-4831-bab6-f84ca92c8152.zip?GoogleAccessId=service-99439612556@gcf-admin-robot.iam.gserviceaccount.com&Expires=1772556933&Signature=YA%2B47jAYwk66KTxsRx9v07JqRUl4ELBJhzC1jsoaV7qT3gAxobQeFGV2%2FQJvZHG7Zd0w1VQ5uqDpZWXF2nYwd26IZzlFOKVjJ7q2wFct8zifF1QcL87aZRWDzntDBvozIcxVs%2Bykq7p6Soh7OzsZ%2B%2BvMpRMwDJdEHR05crz7XNFuWoL6MHQOeieUT7O0Ye5jYkw7Le5JjRUqYqygxlyfIvXqMibD1By7X55uBLjzCDDbWowMTnig%2FLsF0flzYfEWp90Y%2FNGyJIvGnqreKrNv%2BXZ%2BilmOtjrnymJ%2B30mpn%2BS4owpbHklyQW8PTF1fDC1JYLC9ymoxz1Atq9vZYuLYqg%3D%3D","environmentVariables":{"FIREBASE_CONFIG":"{\"projectId\":\"jimatbite\",\"storageBucket\":\"jimatbite.firebasestorage.app\"}","GCLOUD_PROJECT":"jimatbite","EVENTARC_CLOUD_EVENT_SOURCE":"projects/jimatbite/locations/us-central1/functions/updateDynamicPricing"},"runtime":"nodejs20","buildEnvironmentVariables":{"GOOGLE_NODE_RUN_SCRIPTS":""},"dockerRegistry":"ARTIFACT_REGISTRY"},"versionId":"1","updateTime":"2026-03-03T16:25:36.942880155Z"}}
[debug] [2026-03-03T16:25:39.288Z] [create-default-us-central1-updateDynamicPricing] Retrying task index 0
[debug] [2026-03-03T16:25:39.289Z] Checked if tokens are valid: true, expires at: 1772558194911
[debug] [2026-03-03T16:25:39.289Z] Checked if tokens are valid: true, expires at: 1772558194911
[debug] [2026-03-03T16:25:39.290Z] >>> [apiv2][query] GET https://cloudfunctions.googleapis.com/v1/operations/cHJvamVjdHMvamltYXRiaXRlL2xvY2F0aW9ucy91cy1jZW50cmFsMS9vcGVyYXRpb25zL29wZXJhdGlvbi0xNzcyNTU1MTM1NTkwLTY0YzIxMjczMzlmNTMtMmRiMDUxZTQtNzFkNDZiMDI [none]
[debug] [2026-03-03T16:25:39.664Z] <<< [apiv2][status] GET https://cloudfunctions.googleapis.com/v1/operations/cHJvamVjdHMvamltYXRiaXRlL2xvY2F0aW9ucy91cy1jZW50cmFsMS9vcGVyYXRpb25zL29wZXJhdGlvbi0xNzcyNTU1MTM1NTkwLTY0YzIxMjczMzlmNTMtMmRiMDUxZTQtNzFkNDZiMDI 200
[debug] [2026-03-03T16:25:39.665Z] <<< [apiv2][body] GET https://cloudfunctions.googleapis.com/v1/operations/cHJvamVjdHMvamltYXRiaXRlL2xvY2F0aW9ucy91cy1jZW50cmFsMS9vcGVyYXRpb25zL29wZXJhdGlvbi0xNzcyNTU1MTM1NTkwLTY0YzIxMjczMzlmNTMtMmRiMDUxZTQtNzFkNDZiMDI {"name":"operations/cHJvamVjdHMvamltYXRiaXRlL2xvY2F0aW9ucy91cy1jZW50cmFsMS9vcGVyYXRpb25zL29wZXJhdGlvbi0xNzcyNTU1MTM1NTkwLTY0YzIxMjczMzlmNTMtMmRiMDUxZTQtNzFkNDZiMDI","metadata":{"@type":"type.googleapis.com/google.cloud.functions.v1.OperationMetadataV1","target":"projects/jimatbite/locations/us-central1/functions/updateDynamicPricing","type":"CREATE_FUNCTION","request":{"@type":"type.googleapis.com/google.cloud.functions.v1.CloudFunction","name":"projects/jimatbite/locations/us-central1/functions/updateDynamicPricing","eventTrigger":{"eventType":"google.pubsub.topic.publish","resource":"projects/jimatbite/topics/firebase-schedule-updateDynamicPricing-us-central1","failurePolicy":{}},"entryPoint":"updateDynamicPricing","updateTime":"1970-01-01T00:00:00Z","labels":{"deployment-tool":"cli-firebase","deployment-scheduled":"true","firebase-functions-hash":"480d6531dd8a40b57394aed0fa462b9aa1b5bf49"},"sourceUploadUrl":"https://storage.googleapis.com/uploads-435053250983.us-central1.cloudfunctions.appspot.com/d780e3ef-f5cc-4831-bab6-f84ca92c8152.zip?GoogleAccessId=service-99439612556@gcf-admin-robot.iam.gserviceaccount.com&Expires=1772556933&Signature=YA%2B47jAYwk66KTxsRx9v07JqRUl4ELBJhzC1jsoaV7qT3gAxobQeFGV2%2FQJvZHG7Zd0w1VQ5uqDpZWXF2nYwd26IZzlFOKVjJ7q2wFct8zifF1QcL87aZRWDzntDBvozIcxVs%2Bykq7p6Soh7OzsZ%2B%2BvMpRMwDJdEHR05crz7XNFuWoL6MHQOeieUT7O0Ye5jYkw7Le5JjRUqYqygxlyfIvXqMibD1By7X55uBLjzCDDbWowMTnig%2FLsF0flzYfEWp90Y%2FNGyJIvGnqreKrNv%2BXZ%2BilmOtjrnymJ%2B30mpn%2BS4owpbHklyQW8PTF1fDC1JYLC9ymoxz1Atq9vZYuLYqg%3D%3D","environmentVariables":{"FIREBASE_CONFIG":"{\"projectId\":\"jimatbite\",\"storageBucket\":\"jimatbite.firebasestorage.app\"}","GCLOUD_PROJECT":"jimatbite","EVENTARC_CLOUD_EVENT_SOURCE":"projects/jimatbite/locations/us-central1/functions/updateDynamicPricing"},"runtime":"nodejs20","buildEnvironmentVariables":{"GOOGLE_NODE_RUN_SCRIPTS":""},"dockerRegistry":"ARTIFACT_REGISTRY"},"versionId":"1","updateTime":"2026-03-03T16:25:36.942880155Z"}}
[debug] [2026-03-03T16:25:41.679Z] [create-default-us-central1-updateDynamicPricing] Retrying task index 0
[debug] [2026-03-03T16:25:41.679Z] Checked if tokens are valid: true, expires at: 1772558194911
[debug] [2026-03-03T16:25:41.679Z] Checked if tokens are valid: true, expires at: 1772558194911
[debug] [2026-03-03T16:25:41.679Z] >>> [apiv2][query] GET https://cloudfunctions.googleapis.com/v1/operations/cHJvamVjdHMvamltYXRiaXRlL2xvY2F0aW9ucy91cy1jZW50cmFsMS9vcGVyYXRpb25zL29wZXJhdGlvbi0xNzcyNTU1MTM1NTkwLTY0YzIxMjczMzlmNTMtMmRiMDUxZTQtNzFkNDZiMDI [none]
[debug] [2026-03-03T16:25:42.056Z] <<< [apiv2][status] GET https://cloudfunctions.googleapis.com/v1/operations/cHJvamVjdHMvamltYXRiaXRlL2xvY2F0aW9ucy91cy1jZW50cmFsMS9vcGVyYXRpb25zL29wZXJhdGlvbi0xNzcyNTU1MTM1NTkwLTY0YzIxMjczMzlmNTMtMmRiMDUxZTQtNzFkNDZiMDI 200
[debug] [2026-03-03T16:25:42.057Z] <<< [apiv2][body] GET https://cloudfunctions.googleapis.com/v1/operations/cHJvamVjdHMvamltYXRiaXRlL2xvY2F0aW9ucy91cy1jZW50cmFsMS9vcGVyYXRpb25zL29wZXJhdGlvbi0xNzcyNTU1MTM1NTkwLTY0YzIxMjczMzlmNTMtMmRiMDUxZTQtNzFkNDZiMDI {"name":"operations/cHJvamVjdHMvamltYXRiaXRlL2xvY2F0aW9ucy91cy1jZW50cmFsMS9vcGVyYXRpb25zL29wZXJhdGlvbi0xNzcyNTU1MTM1NTkwLTY0YzIxMjczMzlmNTMtMmRiMDUxZTQtNzFkNDZiMDI","metadata":{"@type":"type.googleapis.com/google.cloud.functions.v1.OperationMetadataV1","target":"projects/jimatbite/locations/us-central1/functions/updateDynamicPricing","type":"CREATE_FUNCTION","request":{"@type":"type.googleapis.com/google.cloud.functions.v1.CloudFunction","name":"projects/jimatbite/locations/us-central1/functions/updateDynamicPricing","eventTrigger":{"eventType":"google.pubsub.topic.publish","resource":"projects/jimatbite/topics/firebase-schedule-updateDynamicPricing-us-central1","failurePolicy":{}},"entryPoint":"updateDynamicPricing","updateTime":"1970-01-01T00:00:00Z","labels":{"deployment-tool":"cli-firebase","deployment-scheduled":"true","firebase-functions-hash":"480d6531dd8a40b57394aed0fa462b9aa1b5bf49"},"sourceUploadUrl":"https://storage.googleapis.com/uploads-435053250983.us-central1.cloudfunctions.appspot.com/d780e3ef-f5cc-4831-bab6-f84ca92c8152.zip?GoogleAccessId=service-99439612556@gcf-admin-robot.iam.gserviceaccount.com&Expires=1772556933&Signature=YA%2B47jAYwk66KTxsRx9v07JqRUl4ELBJhzC1jsoaV7qT3gAxobQeFGV2%2FQJvZHG7Zd0w1VQ5uqDpZWXF2nYwd26IZzlFOKVjJ7q2wFct8zifF1QcL87aZRWDzntDBvozIcxVs%2Bykq7p6Soh7OzsZ%2B%2BvMpRMwDJdEHR05crz7XNFuWoL6MHQOeieUT7O0Ye5jYkw7Le5JjRUqYqygxlyfIvXqMibD1By7X55uBLjzCDDbWowMTnig%2FLsF0flzYfEWp90Y%2FNGyJIvGnqreKrNv%2BXZ%2BilmOtjrnymJ%2B30mpn%2BS4owpbHklyQW8PTF1fDC1JYLC9ymoxz1Atq9vZYuLYqg%3D%3D","environmentVariables":{"FIREBASE_CONFIG":"{\"projectId\":\"jimatbite\",\"storageBucket\":\"jimatbite.firebasestorage.app\"}","GCLOUD_PROJECT":"jimatbite","EVENTARC_CLOUD_EVENT_SOURCE":"projects/jimatbite/locations/us-central1/functions/updateDynamicPricing"},"runtime":"nodejs20","buildEnvironmentVariables":{"GOOGLE_NODE_RUN_SCRIPTS":""},"dockerRegistry":"ARTIFACT_REGISTRY"},"versionId":"1","updateTime":"2026-03-03T16:25:36.942880155Z"}}
[debug] [2026-03-03T16:25:46.070Z] [create-default-us-central1-updateDynamicPricing] Retrying task index 0
[debug] [2026-03-03T16:25:46.070Z] Checked if tokens are valid: true, expires at: 1772558194911
[debug] [2026-03-03T16:25:46.071Z] Checked if tokens are valid: true, expires at: 1772558194911
[debug] [2026-03-03T16:25:46.071Z] >>> [apiv2][query] GET https://cloudfunctions.googleapis.com/v1/operations/cHJvamVjdHMvamltYXRiaXRlL2xvY2F0aW9ucy91cy1jZW50cmFsMS9vcGVyYXRpb25zL29wZXJhdGlvbi0xNzcyNTU1MTM1NTkwLTY0YzIxMjczMzlmNTMtMmRiMDUxZTQtNzFkNDZiMDI [none]
[debug] [2026-03-03T16:25:46.451Z] <<< [apiv2][status] GET https://cloudfunctions.googleapis.com/v1/operations/cHJvamVjdHMvamltYXRiaXRlL2xvY2F0aW9ucy91cy1jZW50cmFsMS9vcGVyYXRpb25zL29wZXJhdGlvbi0xNzcyNTU1MTM1NTkwLTY0YzIxMjczMzlmNTMtMmRiMDUxZTQtNzFkNDZiMDI 200
[debug] [2026-03-03T16:25:46.451Z] <<< [apiv2][body] GET https://cloudfunctions.googleapis.com/v1/operations/cHJvamVjdHMvamltYXRiaXRlL2xvY2F0aW9ucy91cy1jZW50cmFsMS9vcGVyYXRpb25zL29wZXJhdGlvbi0xNzcyNTU1MTM1NTkwLTY0YzIxMjczMzlmNTMtMmRiMDUxZTQtNzFkNDZiMDI {"name":"operations/cHJvamVjdHMvamltYXRiaXRlL2xvY2F0aW9ucy91cy1jZW50cmFsMS9vcGVyYXRpb25zL29wZXJhdGlvbi0xNzcyNTU1MTM1NTkwLTY0YzIxMjczMzlmNTMtMmRiMDUxZTQtNzFkNDZiMDI","metadata":{"@type":"type.googleapis.com/google.cloud.functions.v1.OperationMetadataV1","target":"projects/jimatbite/locations/us-central1/functions/updateDynamicPricing","type":"CREATE_FUNCTION","request":{"@type":"type.googleapis.com/google.cloud.functions.v1.CloudFunction","name":"projects/jimatbite/locations/us-central1/functions/updateDynamicPricing","eventTrigger":{"eventType":"google.pubsub.topic.publish","resource":"projects/jimatbite/topics/firebase-schedule-updateDynamicPricing-us-central1","failurePolicy":{}},"entryPoint":"updateDynamicPricing","updateTime":"1970-01-01T00:00:00Z","labels":{"deployment-tool":"cli-firebase","deployment-scheduled":"true","firebase-functions-hash":"480d6531dd8a40b57394aed0fa462b9aa1b5bf49"},"sourceUploadUrl":"https://storage.googleapis.com/uploads-435053250983.us-central1.cloudfunctions.appspot.com/d780e3ef-f5cc-4831-bab6-f84ca92c8152.zip?GoogleAccessId=service-99439612556@gcf-admin-robot.iam.gserviceaccount.com&Expires=1772556933&Signature=YA%2B47jAYwk66KTxsRx9v07JqRUl4ELBJhzC1jsoaV7qT3gAxobQeFGV2%2FQJvZHG7Zd0w1VQ5uqDpZWXF2nYwd26IZzlFOKVjJ7q2wFct8zifF1QcL87aZRWDzntDBvozIcxVs%2Bykq7p6Soh7OzsZ%2B%2BvMpRMwDJdEHR05crz7XNFuWoL6MHQOeieUT7O0Ye5jYkw7Le5JjRUqYqygxlyfIvXqMibD1By7X55uBLjzCDDbWowMTnig%2FLsF0flzYfEWp90Y%2FNGyJIvGnqreKrNv%2BXZ%2BilmOtjrnymJ%2B30mpn%2BS4owpbHklyQW8PTF1fDC1JYLC9ymoxz1Atq9vZYuLYqg%3D%3D","environmentVariables":{"FIREBASE_CONFIG":"{\"projectId\":\"jimatbite\",\"storageBucket\":\"jimatbite.firebasestorage.app\"}","GCLOUD_PROJECT":"jimatbite","EVENTARC_CLOUD_EVENT_SOURCE":"projects/jimatbite/locations/us-central1/functions/updateDynamicPricing"},"runtime":"nodejs20","buildEnvironmentVariables":{"GOOGLE_NODE_RUN_SCRIPTS":""},"dockerRegistry":"ARTIFACT_REGISTRY"},"versionId":"1","updateTime":"2026-03-03T16:25:36.942880155Z"}}
[debug] [2026-03-03T16:25:54.461Z] [create-default-us-central1-updateDynamicPricing] Retrying task index 0
[debug] [2026-03-03T16:25:54.461Z] Checked if tokens are valid: true, expires at: 1772558194911
[debug] [2026-03-03T16:25:54.461Z] Checked if tokens are valid: true, expires at: 1772558194911
[debug] [2026-03-03T16:25:54.461Z] >>> [apiv2][query] GET https://cloudfunctions.googleapis.com/v1/operations/cHJvamVjdHMvamltYXRiaXRlL2xvY2F0aW9ucy91cy1jZW50cmFsMS9vcGVyYXRpb25zL29wZXJhdGlvbi0xNzcyNTU1MTM1NTkwLTY0YzIxMjczMzlmNTMtMmRiMDUxZTQtNzFkNDZiMDI [none]
[debug] [2026-03-03T16:25:54.856Z] <<< [apiv2][status] GET https://cloudfunctions.googleapis.com/v1/operations/cHJvamVjdHMvamltYXRiaXRlL2xvY2F0aW9ucy91cy1jZW50cmFsMS9vcGVyYXRpb25zL29wZXJhdGlvbi0xNzcyNTU1MTM1NTkwLTY0YzIxMjczMzlmNTMtMmRiMDUxZTQtNzFkNDZiMDI 200
[debug] [2026-03-03T16:25:54.857Z] <<< [apiv2][body] GET https://cloudfunctions.googleapis.com/v1/operations/cHJvamVjdHMvamltYXRiaXRlL2xvY2F0aW9ucy91cy1jZW50cmFsMS9vcGVyYXRpb25zL29wZXJhdGlvbi0xNzcyNTU1MTM1NTkwLTY0YzIxMjczMzlmNTMtMmRiMDUxZTQtNzFkNDZiMDI {"name":"operations/cHJvamVjdHMvamltYXRiaXRlL2xvY2F0aW9ucy91cy1jZW50cmFsMS9vcGVyYXRpb25zL29wZXJhdGlvbi0xNzcyNTU1MTM1NTkwLTY0YzIxMjczMzlmNTMtMmRiMDUxZTQtNzFkNDZiMDI","metadata":{"@type":"type.googleapis.com/google.cloud.functions.v1.OperationMetadataV1","target":"projects/jimatbite/locations/us-central1/functions/updateDynamicPricing","type":"CREATE_FUNCTION","request":{"@type":"type.googleapis.com/google.cloud.functions.v1.CloudFunction","name":"projects/jimatbite/locations/us-central1/functions/updateDynamicPricing","eventTrigger":{"eventType":"google.pubsub.topic.publish","resource":"projects/jimatbite/topics/firebase-schedule-updateDynamicPricing-us-central1","failurePolicy":{}},"entryPoint":"updateDynamicPricing","updateTime":"1970-01-01T00:00:00Z","labels":{"deployment-tool":"cli-firebase","deployment-scheduled":"true","firebase-functions-hash":"480d6531dd8a40b57394aed0fa462b9aa1b5bf49"},"sourceUploadUrl":"https://storage.googleapis.com/uploads-435053250983.us-central1.cloudfunctions.appspot.com/d780e3ef-f5cc-4831-bab6-f84ca92c8152.zip?GoogleAccessId=service-99439612556@gcf-admin-robot.iam.gserviceaccount.com&Expires=1772556933&Signature=YA%2B47jAYwk66KTxsRx9v07JqRUl4ELBJhzC1jsoaV7qT3gAxobQeFGV2%2FQJvZHG7Zd0w1VQ5uqDpZWXF2nYwd26IZzlFOKVjJ7q2wFct8zifF1QcL87aZRWDzntDBvozIcxVs%2Bykq7p6Soh7OzsZ%2B%2BvMpRMwDJdEHR05crz7XNFuWoL6MHQOeieUT7O0Ye5jYkw7Le5JjRUqYqygxlyfIvXqMibD1By7X55uBLjzCDDbWowMTnig%2FLsF0flzYfEWp90Y%2FNGyJIvGnqreKrNv%2BXZ%2BilmOtjrnymJ%2B30mpn%2BS4owpbHklyQW8PTF1fDC1JYLC9ymoxz1Atq9vZYuLYqg%3D%3D","environmentVariables":{"FIREBASE_CONFIG":"{\"projectId\":\"jimatbite\",\"storageBucket\":\"jimatbite.firebasestorage.app\"}","GCLOUD_PROJECT":"jimatbite","EVENTARC_CLOUD_EVENT_SOURCE":"projects/jimatbite/locations/us-central1/functions/updateDynamicPricing"},"runtime":"nodejs20","buildEnvironmentVariables":{"GOOGLE_NODE_RUN_SCRIPTS":""},"dockerRegistry":"ARTIFACT_REGISTRY"},"versionId":"1","updateTime":"2026-03-03T16:25:36.942880155Z","buildId":"135b3745-88f9-4876-b559-9f0bd2d3920c","buildName":"projects/99439612556/locations/us-central1/builds/135b3745-88f9-4876-b559-9f0bd2d3920c"}}
[debug] [2026-03-03T16:26:04.864Z] [create-default-us-central1-updateDynamicPricing] Retrying task index 0
[debug] [2026-03-03T16:26:04.864Z] Checked if tokens are valid: true, expires at: 1772558194911
[debug] [2026-03-03T16:26:04.865Z] Checked if tokens are valid: true, expires at: 1772558194911
[debug] [2026-03-03T16:26:04.865Z] >>> [apiv2][query] GET https://cloudfunctions.googleapis.com/v1/operations/cHJvamVjdHMvamltYXRiaXRlL2xvY2F0aW9ucy91cy1jZW50cmFsMS9vcGVyYXRpb25zL29wZXJhdGlvbi0xNzcyNTU1MTM1NTkwLTY0YzIxMjczMzlmNTMtMmRiMDUxZTQtNzFkNDZiMDI [none]
[debug] [2026-03-03T16:26:05.264Z] <<< [apiv2][status] GET https://cloudfunctions.googleapis.com/v1/operations/cHJvamVjdHMvamltYXRiaXRlL2xvY2F0aW9ucy91cy1jZW50cmFsMS9vcGVyYXRpb25zL29wZXJhdGlvbi0xNzcyNTU1MTM1NTkwLTY0YzIxMjczMzlmNTMtMmRiMDUxZTQtNzFkNDZiMDI 200
[debug] [2026-03-03T16:26:05.264Z] <<< [apiv2][body] GET https://cloudfunctions.googleapis.com/v1/operations/cHJvamVjdHMvamltYXRiaXRlL2xvY2F0aW9ucy91cy1jZW50cmFsMS9vcGVyYXRpb25zL29wZXJhdGlvbi0xNzcyNTU1MTM1NTkwLTY0YzIxMjczMzlmNTMtMmRiMDUxZTQtNzFkNDZiMDI {"name":"operations/cHJvamVjdHMvamltYXRiaXRlL2xvY2F0aW9ucy91cy1jZW50cmFsMS9vcGVyYXRpb25zL29wZXJhdGlvbi0xNzcyNTU1MTM1NTkwLTY0YzIxMjczMzlmNTMtMmRiMDUxZTQtNzFkNDZiMDI","metadata":{"@type":"type.googleapis.com/google.cloud.functions.v1.OperationMetadataV1","target":"projects/jimatbite/locations/us-central1/functions/updateDynamicPricing","type":"CREATE_FUNCTION","request":{"@type":"type.googleapis.com/google.cloud.functions.v1.CloudFunction","name":"projects/jimatbite/locations/us-central1/functions/updateDynamicPricing","eventTrigger":{"eventType":"google.pubsub.topic.publish","resource":"projects/jimatbite/topics/firebase-schedule-updateDynamicPricing-us-central1","failurePolicy":{}},"entryPoint":"updateDynamicPricing","updateTime":"1970-01-01T00:00:00Z","labels":{"deployment-tool":"cli-firebase","deployment-scheduled":"true","firebase-functions-hash":"480d6531dd8a40b57394aed0fa462b9aa1b5bf49"},"sourceUploadUrl":"https://storage.googleapis.com/uploads-435053250983.us-central1.cloudfunctions.appspot.com/d780e3ef-f5cc-4831-bab6-f84ca92c8152.zip?GoogleAccessId=service-99439612556@gcf-admin-robot.iam.gserviceaccount.com&Expires=1772556933&Signature=YA%2B47jAYwk66KTxsRx9v07JqRUl4ELBJhzC1jsoaV7qT3gAxobQeFGV2%2FQJvZHG7Zd0w1VQ5uqDpZWXF2nYwd26IZzlFOKVjJ7q2wFct8zifF1QcL87aZRWDzntDBvozIcxVs%2Bykq7p6Soh7OzsZ%2B%2BvMpRMwDJdEHR05crz7XNFuWoL6MHQOeieUT7O0Ye5jYkw7Le5JjRUqYqygxlyfIvXqMibD1By7X55uBLjzCDDbWowMTnig%2FLsF0flzYfEWp90Y%2FNGyJIvGnqreKrNv%2BXZ%2BilmOtjrnymJ%2B30mpn%2BS4owpbHklyQW8PTF1fDC1JYLC9ymoxz1Atq9vZYuLYqg%3D%3D","environmentVariables":{"FIREBASE_CONFIG":"{\"projectId\":\"jimatbite\",\"storageBucket\":\"jimatbite.firebasestorage.app\"}","GCLOUD_PROJECT":"jimatbite","EVENTARC_CLOUD_EVENT_SOURCE":"projects/jimatbite/locations/us-central1/functions/updateDynamicPricing"},"runtime":"nodejs20","buildEnvironmentVariables":{"GOOGLE_NODE_RUN_SCRIPTS":""},"dockerRegistry":"ARTIFACT_REGISTRY"},"versionId":"1","updateTime":"2026-03-03T16:25:36.942880155Z","buildId":"135b3745-88f9-4876-b559-9f0bd2d3920c","buildName":"projects/99439612556/locations/us-central1/builds/135b3745-88f9-4876-b559-9f0bd2d3920c"}}
[debug] [2026-03-03T16:26:15.279Z] [create-default-us-central1-updateDynamicPricing] Retrying task index 0
[debug] [2026-03-03T16:26:15.280Z] Checked if tokens are valid: true, expires at: 1772558194911
[debug] [2026-03-03T16:26:15.280Z] Checked if tokens are valid: true, expires at: 1772558194911
[debug] [2026-03-03T16:26:15.280Z] >>> [apiv2][query] GET https://cloudfunctions.googleapis.com/v1/operations/cHJvamVjdHMvamltYXRiaXRlL2xvY2F0aW9ucy91cy1jZW50cmFsMS9vcGVyYXRpb25zL29wZXJhdGlvbi0xNzcyNTU1MTM1NTkwLTY0YzIxMjczMzlmNTMtMmRiMDUxZTQtNzFkNDZiMDI [none]
[debug] [2026-03-03T16:26:15.700Z] <<< [apiv2][status] GET https://cloudfunctions.googleapis.com/v1/operations/cHJvamVjdHMvamltYXRiaXRlL2xvY2F0aW9ucy91cy1jZW50cmFsMS9vcGVyYXRpb25zL29wZXJhdGlvbi0xNzcyNTU1MTM1NTkwLTY0YzIxMjczMzlmNTMtMmRiMDUxZTQtNzFkNDZiMDI 200
[debug] [2026-03-03T16:26:15.701Z] <<< [apiv2][body] GET https://cloudfunctions.googleapis.com/v1/operations/cHJvamVjdHMvamltYXRiaXRlL2xvY2F0aW9ucy91cy1jZW50cmFsMS9vcGVyYXRpb25zL29wZXJhdGlvbi0xNzcyNTU1MTM1NTkwLTY0YzIxMjczMzlmNTMtMmRiMDUxZTQtNzFkNDZiMDI {"name":"operations/cHJvamVjdHMvamltYXRiaXRlL2xvY2F0aW9ucy91cy1jZW50cmFsMS9vcGVyYXRpb25zL29wZXJhdGlvbi0xNzcyNTU1MTM1NTkwLTY0YzIxMjczMzlmNTMtMmRiMDUxZTQtNzFkNDZiMDI","metadata":{"@type":"type.googleapis.com/google.cloud.functions.v1.OperationMetadataV1","target":"projects/jimatbite/locations/us-central1/functions/updateDynamicPricing","type":"CREATE_FUNCTION","request":{"@type":"type.googleapis.com/google.cloud.functions.v1.CloudFunction","name":"projects/jimatbite/locations/us-central1/functions/updateDynamicPricing","eventTrigger":{"eventType":"google.pubsub.topic.publish","resource":"projects/jimatbite/topics/firebase-schedule-updateDynamicPricing-us-central1","failurePolicy":{}},"entryPoint":"updateDynamicPricing","updateTime":"1970-01-01T00:00:00Z","labels":{"deployment-tool":"cli-firebase","deployment-scheduled":"true","firebase-functions-hash":"480d6531dd8a40b57394aed0fa462b9aa1b5bf49"},"sourceUploadUrl":"https://storage.googleapis.com/uploads-435053250983.us-central1.cloudfunctions.appspot.com/d780e3ef-f5cc-4831-bab6-f84ca92c8152.zip?GoogleAccessId=service-99439612556@gcf-admin-robot.iam.gserviceaccount.com&Expires=1772556933&Signature=YA%2B47jAYwk66KTxsRx9v07JqRUl4ELBJhzC1jsoaV7qT3gAxobQeFGV2%2FQJvZHG7Zd0w1VQ5uqDpZWXF2nYwd26IZzlFOKVjJ7q2wFct8zifF1QcL87aZRWDzntDBvozIcxVs%2Bykq7p6Soh7OzsZ%2B%2BvMpRMwDJdEHR05crz7XNFuWoL6MHQOeieUT7O0Ye5jYkw7Le5JjRUqYqygxlyfIvXqMibD1By7X55uBLjzCDDbWowMTnig%2FLsF0flzYfEWp90Y%2FNGyJIvGnqreKrNv%2BXZ%2BilmOtjrnymJ%2B30mpn%2BS4owpbHklyQW8PTF1fDC1JYLC9ymoxz1Atq9vZYuLYqg%3D%3D","environmentVariables":{"FIREBASE_CONFIG":"{\"projectId\":\"jimatbite\",\"storageBucket\":\"jimatbite.firebasestorage.app\"}","GCLOUD_PROJECT":"jimatbite","EVENTARC_CLOUD_EVENT_SOURCE":"projects/jimatbite/locations/us-central1/functions/updateDynamicPricing"},"runtime":"nodejs20","buildEnvironmentVariables":{"GOOGLE_NODE_RUN_SCRIPTS":""},"dockerRegistry":"ARTIFACT_REGISTRY"},"versionId":"1","updateTime":"2026-03-03T16:25:36.942880155Z","buildId":"135b3745-88f9-4876-b559-9f0bd2d3920c","buildName":"projects/99439612556/locations/us-central1/builds/135b3745-88f9-4876-b559-9f0bd2d3920c"}}
[debug] [2026-03-03T16:26:25.702Z] [create-default-us-central1-updateDynamicPricing] Retrying task index 0
[debug] [2026-03-03T16:26:25.702Z] Checked if tokens are valid: true, expires at: 1772558194911
[debug] [2026-03-03T16:26:25.702Z] Checked if tokens are valid: true, expires at: 1772558194911
[debug] [2026-03-03T16:26:25.702Z] >>> [apiv2][query] GET https://cloudfunctions.googleapis.com/v1/operations/cHJvamVjdHMvamltYXRiaXRlL2xvY2F0aW9ucy91cy1jZW50cmFsMS9vcGVyYXRpb25zL29wZXJhdGlvbi0xNzcyNTU1MTM1NTkwLTY0YzIxMjczMzlmNTMtMmRiMDUxZTQtNzFkNDZiMDI [none]
[debug] [2026-03-03T16:26:26.081Z] <<< [apiv2][status] GET https://cloudfunctions.googleapis.com/v1/operations/cHJvamVjdHMvamltYXRiaXRlL2xvY2F0aW9ucy91cy1jZW50cmFsMS9vcGVyYXRpb25zL29wZXJhdGlvbi0xNzcyNTU1MTM1NTkwLTY0YzIxMjczMzlmNTMtMmRiMDUxZTQtNzFkNDZiMDI 200
[debug] [2026-03-03T16:26:26.081Z] <<< [apiv2][body] GET https://cloudfunctions.googleapis.com/v1/operations/cHJvamVjdHMvamltYXRiaXRlL2xvY2F0aW9ucy91cy1jZW50cmFsMS9vcGVyYXRpb25zL29wZXJhdGlvbi0xNzcyNTU1MTM1NTkwLTY0YzIxMjczMzlmNTMtMmRiMDUxZTQtNzFkNDZiMDI {"name":"operations/cHJvamVjdHMvamltYXRiaXRlL2xvY2F0aW9ucy91cy1jZW50cmFsMS9vcGVyYXRpb25zL29wZXJhdGlvbi0xNzcyNTU1MTM1NTkwLTY0YzIxMjczMzlmNTMtMmRiMDUxZTQtNzFkNDZiMDI","metadata":{"@type":"type.googleapis.com/google.cloud.functions.v1.OperationMetadataV1","target":"projects/jimatbite/locations/us-central1/functions/updateDynamicPricing","type":"CREATE_FUNCTION","request":{"@type":"type.googleapis.com/google.cloud.functions.v1.CloudFunction","name":"projects/jimatbite/locations/us-central1/functions/updateDynamicPricing","eventTrigger":{"eventType":"google.pubsub.topic.publish","resource":"projects/jimatbite/topics/firebase-schedule-updateDynamicPricing-us-central1","failurePolicy":{}},"entryPoint":"updateDynamicPricing","updateTime":"1970-01-01T00:00:00Z","labels":{"deployment-tool":"cli-firebase","deployment-scheduled":"true","firebase-functions-hash":"480d6531dd8a40b57394aed0fa462b9aa1b5bf49"},"sourceUploadUrl":"https://storage.googleapis.com/uploads-435053250983.us-central1.cloudfunctions.appspot.com/d780e3ef-f5cc-4831-bab6-f84ca92c8152.zip?GoogleAccessId=service-99439612556@gcf-admin-robot.iam.gserviceaccount.com&Expires=1772556933&Signature=YA%2B47jAYwk66KTxsRx9v07JqRUl4ELBJhzC1jsoaV7qT3gAxobQeFGV2%2FQJvZHG7Zd0w1VQ5uqDpZWXF2nYwd26IZzlFOKVjJ7q2wFct8zifF1QcL87aZRWDzntDBvozIcxVs%2Bykq7p6Soh7OzsZ%2B%2BvMpRMwDJdEHR05crz7XNFuWoL6MHQOeieUT7O0Ye5jYkw7Le5JjRUqYqygxlyfIvXqMibD1By7X55uBLjzCDDbWowMTnig%2FLsF0flzYfEWp90Y%2FNGyJIvGnqreKrNv%2BXZ%2BilmOtjrnymJ%2B30mpn%2BS4owpbHklyQW8PTF1fDC1JYLC9ymoxz1Atq9vZYuLYqg%3D%3D","environmentVariables":{"FIREBASE_CONFIG":"{\"projectId\":\"jimatbite\",\"storageBucket\":\"jimatbite.firebasestorage.app\"}","GCLOUD_PROJECT":"jimatbite","EVENTARC_CLOUD_EVENT_SOURCE":"projects/jimatbite/locations/us-central1/functions/updateDynamicPricing"},"runtime":"nodejs20","buildEnvironmentVariables":{"GOOGLE_NODE_RUN_SCRIPTS":""},"dockerRegistry":"ARTIFACT_REGISTRY"},"versionId":"1","updateTime":"2026-03-03T16:25:36.942880155Z","buildId":"135b3745-88f9-4876-b559-9f0bd2d3920c","buildName":"projects/99439612556/locations/us-central1/builds/135b3745-88f9-4876-b559-9f0bd2d3920c"}}
[debug] [2026-03-03T16:26:36.083Z] [create-default-us-central1-updateDynamicPricing] Retrying task index 0
[debug] [2026-03-03T16:26:36.084Z] Checked if tokens are valid: true, expires at: 1772558194911
[debug] [2026-03-03T16:26:36.084Z] Checked if tokens are valid: true, expires at: 1772558194911
[debug] [2026-03-03T16:26:36.084Z] >>> [apiv2][query] GET https://cloudfunctions.googleapis.com/v1/operations/cHJvamVjdHMvamltYXRiaXRlL2xvY2F0aW9ucy91cy1jZW50cmFsMS9vcGVyYXRpb25zL29wZXJhdGlvbi0xNzcyNTU1MTM1NTkwLTY0YzIxMjczMzlmNTMtMmRiMDUxZTQtNzFkNDZiMDI [none]
[debug] [2026-03-03T16:26:36.492Z] <<< [apiv2][status] GET https://cloudfunctions.googleapis.com/v1/operations/cHJvamVjdHMvamltYXRiaXRlL2xvY2F0aW9ucy91cy1jZW50cmFsMS9vcGVyYXRpb25zL29wZXJhdGlvbi0xNzcyNTU1MTM1NTkwLTY0YzIxMjczMzlmNTMtMmRiMDUxZTQtNzFkNDZiMDI 200
[debug] [2026-03-03T16:26:36.492Z] <<< [apiv2][body] GET https://cloudfunctions.googleapis.com/v1/operations/cHJvamVjdHMvamltYXRiaXRlL2xvY2F0aW9ucy91cy1jZW50cmFsMS9vcGVyYXRpb25zL29wZXJhdGlvbi0xNzcyNTU1MTM1NTkwLTY0YzIxMjczMzlmNTMtMmRiMDUxZTQtNzFkNDZiMDI {"name":"operations/cHJvamVjdHMvamltYXRiaXRlL2xvY2F0aW9ucy91cy1jZW50cmFsMS9vcGVyYXRpb25zL29wZXJhdGlvbi0xNzcyNTU1MTM1NTkwLTY0YzIxMjczMzlmNTMtMmRiMDUxZTQtNzFkNDZiMDI","metadata":{"@type":"type.googleapis.com/google.cloud.functions.v1.OperationMetadataV1","target":"projects/jimatbite/locations/us-central1/functions/updateDynamicPricing","type":"CREATE_FUNCTION","request":{"@type":"type.googleapis.com/google.cloud.functions.v1.CloudFunction","name":"projects/jimatbite/locations/us-central1/functions/updateDynamicPricing","eventTrigger":{"eventType":"google.pubsub.topic.publish","resource":"projects/jimatbite/topics/firebase-schedule-updateDynamicPricing-us-central1","failurePolicy":{}},"entryPoint":"updateDynamicPricing","updateTime":"1970-01-01T00:00:00Z","labels":{"deployment-tool":"cli-firebase","deployment-scheduled":"true","firebase-functions-hash":"480d6531dd8a40b57394aed0fa462b9aa1b5bf49"},"sourceUploadUrl":"https://storage.googleapis.com/uploads-435053250983.us-central1.cloudfunctions.appspot.com/d780e3ef-f5cc-4831-bab6-f84ca92c8152.zip?GoogleAccessId=service-99439612556@gcf-admin-robot.iam.gserviceaccount.com&Expires=1772556933&Signature=YA%2B47jAYwk66KTxsRx9v07JqRUl4ELBJhzC1jsoaV7qT3gAxobQeFGV2%2FQJvZHG7Zd0w1VQ5uqDpZWXF2nYwd26IZzlFOKVjJ7q2wFct8zifF1QcL87aZRWDzntDBvozIcxVs%2Bykq7p6Soh7OzsZ%2B%2BvMpRMwDJdEHR05crz7XNFuWoL6MHQOeieUT7O0Ye5jYkw7Le5JjRUqYqygxlyfIvXqMibD1By7X55uBLjzCDDbWowMTnig%2FLsF0flzYfEWp90Y%2FNGyJIvGnqreKrNv%2BXZ%2BilmOtjrnymJ%2B30mpn%2BS4owpbHklyQW8PTF1fDC1JYLC9ymoxz1Atq9vZYuLYqg%3D%3D","environmentVariables":{"FIREBASE_CONFIG":"{\"projectId\":\"jimatbite\",\"storageBucket\":\"jimatbite.firebasestorage.app\"}","GCLOUD_PROJECT":"jimatbite","EVENTARC_CLOUD_EVENT_SOURCE":"projects/jimatbite/locations/us-central1/functions/updateDynamicPricing"},"runtime":"nodejs20","buildEnvironmentVariables":{"GOOGLE_NODE_RUN_SCRIPTS":""},"dockerRegistry":"ARTIFACT_REGISTRY"},"versionId":"1","updateTime":"2026-03-03T16:25:36.942880155Z","buildId":"135b3745-88f9-4876-b559-9f0bd2d3920c","buildName":"projects/99439612556/locations/us-central1/builds/135b3745-88f9-4876-b559-9f0bd2d3920c"}}
[debug] [2026-03-03T16:26:46.494Z] [create-default-us-central1-updateDynamicPricing] Retrying task index 0
[debug] [2026-03-03T16:26:46.494Z] Checked if tokens are valid: true, expires at: 1772558194911
[debug] [2026-03-03T16:26:46.495Z] Checked if tokens are valid: true, expires at: 1772558194911
[debug] [2026-03-03T16:26:46.495Z] >>> [apiv2][query] GET https://cloudfunctions.googleapis.com/v1/operations/cHJvamVjdHMvamltYXRiaXRlL2xvY2F0aW9ucy91cy1jZW50cmFsMS9vcGVyYXRpb25zL29wZXJhdGlvbi0xNzcyNTU1MTM1NTkwLTY0YzIxMjczMzlmNTMtMmRiMDUxZTQtNzFkNDZiMDI [none]
[debug] [2026-03-03T16:26:46.885Z] <<< [apiv2][status] GET https://cloudfunctions.googleapis.com/v1/operations/cHJvamVjdHMvamltYXRiaXRlL2xvY2F0aW9ucy91cy1jZW50cmFsMS9vcGVyYXRpb25zL29wZXJhdGlvbi0xNzcyNTU1MTM1NTkwLTY0YzIxMjczMzlmNTMtMmRiMDUxZTQtNzFkNDZiMDI 200
[debug] [2026-03-03T16:26:46.885Z] <<< [apiv2][body] GET https://cloudfunctions.googleapis.com/v1/operations/cHJvamVjdHMvamltYXRiaXRlL2xvY2F0aW9ucy91cy1jZW50cmFsMS9vcGVyYXRpb25zL29wZXJhdGlvbi0xNzcyNTU1MTM1NTkwLTY0YzIxMjczMzlmNTMtMmRiMDUxZTQtNzFkNDZiMDI {"name":"operations/cHJvamVjdHMvamltYXRiaXRlL2xvY2F0aW9ucy91cy1jZW50cmFsMS9vcGVyYXRpb25zL29wZXJhdGlvbi0xNzcyNTU1MTM1NTkwLTY0YzIxMjczMzlmNTMtMmRiMDUxZTQtNzFkNDZiMDI","metadata":{"@type":"type.googleapis.com/google.cloud.functions.v1.OperationMetadataV1","target":"projects/jimatbite/locations/us-central1/functions/updateDynamicPricing","type":"CREATE_FUNCTION","request":{"@type":"type.googleapis.com/google.cloud.functions.v1.CloudFunction","name":"projects/jimatbite/locations/us-central1/functions/updateDynamicPricing","eventTrigger":{"eventType":"google.pubsub.topic.publish","resource":"projects/jimatbite/topics/firebase-schedule-updateDynamicPricing-us-central1","failurePolicy":{}},"entryPoint":"updateDynamicPricing","updateTime":"1970-01-01T00:00:00Z","labels":{"deployment-tool":"cli-firebase","deployment-scheduled":"true","firebase-functions-hash":"480d6531dd8a40b57394aed0fa462b9aa1b5bf49"},"sourceUploadUrl":"https://storage.googleapis.com/uploads-435053250983.us-central1.cloudfunctions.appspot.com/d780e3ef-f5cc-4831-bab6-f84ca92c8152.zip?GoogleAccessId=service-99439612556@gcf-admin-robot.iam.gserviceaccount.com&Expires=1772556933&Signature=YA%2B47jAYwk66KTxsRx9v07JqRUl4ELBJhzC1jsoaV7qT3gAxobQeFGV2%2FQJvZHG7Zd0w1VQ5uqDpZWXF2nYwd26IZzlFOKVjJ7q2wFct8zifF1QcL87aZRWDzntDBvozIcxVs%2Bykq7p6Soh7OzsZ%2B%2BvMpRMwDJdEHR05crz7XNFuWoL6MHQOeieUT7O0Ye5jYkw7Le5JjRUqYqygxlyfIvXqMibD1By7X55uBLjzCDDbWowMTnig%2FLsF0flzYfEWp90Y%2FNGyJIvGnqreKrNv%2BXZ%2BilmOtjrnymJ%2B30mpn%2BS4owpbHklyQW8PTF1fDC1JYLC9ymoxz1Atq9vZYuLYqg%3D%3D","environmentVariables":{"FIREBASE_CONFIG":"{\"projectId\":\"jimatbite\",\"storageBucket\":\"jimatbite.firebasestorage.app\"}","GCLOUD_PROJECT":"jimatbite","EVENTARC_CLOUD_EVENT_SOURCE":"projects/jimatbite/locations/us-central1/functions/updateDynamicPricing"},"runtime":"nodejs20","buildEnvironmentVariables":{"GOOGLE_NODE_RUN_SCRIPTS":""},"dockerRegistry":"ARTIFACT_REGISTRY"},"versionId":"1","updateTime":"2026-03-03T16:25:36.942880155Z","buildId":"135b3745-88f9-4876-b559-9f0bd2d3920c","buildName":"projects/99439612556/locations/us-central1/builds/135b3745-88f9-4876-b559-9f0bd2d3920c"}}
[debug] [2026-03-03T16:26:56.894Z] [create-default-us-central1-updateDynamicPricing] Retrying task index 0
[debug] [2026-03-03T16:26:56.895Z] Checked if tokens are valid: true, expires at: 1772558194911
[debug] [2026-03-03T16:26:56.895Z] Checked if tokens are valid: true, expires at: 1772558194911
[debug] [2026-03-03T16:26:56.895Z] >>> [apiv2][query] GET https://cloudfunctions.googleapis.com/v1/operations/cHJvamVjdHMvamltYXRiaXRlL2xvY2F0aW9ucy91cy1jZW50cmFsMS9vcGVyYXRpb25zL29wZXJhdGlvbi0xNzcyNTU1MTM1NTkwLTY0YzIxMjczMzlmNTMtMmRiMDUxZTQtNzFkNDZiMDI [none]
[debug] [2026-03-03T16:26:57.292Z] <<< [apiv2][status] GET https://cloudfunctions.googleapis.com/v1/operations/cHJvamVjdHMvamltYXRiaXRlL2xvY2F0aW9ucy91cy1jZW50cmFsMS9vcGVyYXRpb25zL29wZXJhdGlvbi0xNzcyNTU1MTM1NTkwLTY0YzIxMjczMzlmNTMtMmRiMDUxZTQtNzFkNDZiMDI 200
[debug] [2026-03-03T16:26:57.292Z] <<< [apiv2][body] GET https://cloudfunctions.googleapis.com/v1/operations/cHJvamVjdHMvamltYXRiaXRlL2xvY2F0aW9ucy91cy1jZW50cmFsMS9vcGVyYXRpb25zL29wZXJhdGlvbi0xNzcyNTU1MTM1NTkwLTY0YzIxMjczMzlmNTMtMmRiMDUxZTQtNzFkNDZiMDI {"name":"operations/cHJvamVjdHMvamltYXRiaXRlL2xvY2F0aW9ucy91cy1jZW50cmFsMS9vcGVyYXRpb25zL29wZXJhdGlvbi0xNzcyNTU1MTM1NTkwLTY0YzIxMjczMzlmNTMtMmRiMDUxZTQtNzFkNDZiMDI","metadata":{"@type":"type.googleapis.com/google.cloud.functions.v1.OperationMetadataV1","target":"projects/jimatbite/locations/us-central1/functions/updateDynamicPricing","type":"CREATE_FUNCTION","request":{"@type":"type.googleapis.com/google.cloud.functions.v1.CloudFunction","name":"projects/jimatbite/locations/us-central1/functions/updateDynamicPricing","eventTrigger":{"eventType":"google.pubsub.topic.publish","resource":"projects/jimatbite/topics/firebase-schedule-updateDynamicPricing-us-central1","failurePolicy":{}},"entryPoint":"updateDynamicPricing","updateTime":"1970-01-01T00:00:00Z","labels":{"deployment-tool":"cli-firebase","deployment-scheduled":"true","firebase-functions-hash":"480d6531dd8a40b57394aed0fa462b9aa1b5bf49"},"sourceUploadUrl":"https://storage.googleapis.com/uploads-435053250983.us-central1.cloudfunctions.appspot.com/d780e3ef-f5cc-4831-bab6-f84ca92c8152.zip?GoogleAccessId=service-99439612556@gcf-admin-robot.iam.gserviceaccount.com&Expires=1772556933&Signature=YA%2B47jAYwk66KTxsRx9v07JqRUl4ELBJhzC1jsoaV7qT3gAxobQeFGV2%2FQJvZHG7Zd0w1VQ5uqDpZWXF2nYwd26IZzlFOKVjJ7q2wFct8zifF1QcL87aZRWDzntDBvozIcxVs%2Bykq7p6Soh7OzsZ%2B%2BvMpRMwDJdEHR05crz7XNFuWoL6MHQOeieUT7O0Ye5jYkw7Le5JjRUqYqygxlyfIvXqMibD1By7X55uBLjzCDDbWowMTnig%2FLsF0flzYfEWp90Y%2FNGyJIvGnqreKrNv%2BXZ%2BilmOtjrnymJ%2B30mpn%2BS4owpbHklyQW8PTF1fDC1JYLC9ymoxz1Atq9vZYuLYqg%3D%3D","environmentVariables":{"FIREBASE_CONFIG":"{\"projectId\":\"jimatbite\",\"storageBucket\":\"jimatbite.firebasestorage.app\"}","GCLOUD_PROJECT":"jimatbite","EVENTARC_CLOUD_EVENT_SOURCE":"projects/jimatbite/locations/us-central1/functions/updateDynamicPricing"},"runtime":"nodejs20","buildEnvironmentVariables":{"GOOGLE_NODE_RUN_SCRIPTS":""},"dockerRegistry":"ARTIFACT_REGISTRY"},"versionId":"1","updateTime":"2026-03-03T16:25:36.942880155Z","buildId":"135b3745-88f9-4876-b559-9f0bd2d3920c","buildName":"projects/99439612556/locations/us-central1/builds/135b3745-88f9-4876-b559-9f0bd2d3920c"}}
[debug] [2026-03-03T16:27:07.307Z] [create-default-us-central1-updateDynamicPricing] Retrying task index 0
[debug] [2026-03-03T16:27:07.307Z] Checked if tokens are valid: true, expires at: 1772558194911
[debug] [2026-03-03T16:27:07.307Z] Checked if tokens are valid: true, expires at: 1772558194911
[debug] [2026-03-03T16:27:07.307Z] >>> [apiv2][query] GET https://cloudfunctions.googleapis.com/v1/operations/cHJvamVjdHMvamltYXRiaXRlL2xvY2F0aW9ucy91cy1jZW50cmFsMS9vcGVyYXRpb25zL29wZXJhdGlvbi0xNzcyNTU1MTM1NTkwLTY0YzIxMjczMzlmNTMtMmRiMDUxZTQtNzFkNDZiMDI [none]
[debug] [2026-03-03T16:27:07.689Z] <<< [apiv2][status] GET https://cloudfunctions.googleapis.com/v1/operations/cHJvamVjdHMvamltYXRiaXRlL2xvY2F0aW9ucy91cy1jZW50cmFsMS9vcGVyYXRpb25zL29wZXJhdGlvbi0xNzcyNTU1MTM1NTkwLTY0YzIxMjczMzlmNTMtMmRiMDUxZTQtNzFkNDZiMDI 200
[debug] [2026-03-03T16:27:07.689Z] <<< [apiv2][body] GET https://cloudfunctions.googleapis.com/v1/operations/cHJvamVjdHMvamltYXRiaXRlL2xvY2F0aW9ucy91cy1jZW50cmFsMS9vcGVyYXRpb25zL29wZXJhdGlvbi0xNzcyNTU1MTM1NTkwLTY0YzIxMjczMzlmNTMtMmRiMDUxZTQtNzFkNDZiMDI {"name":"operations/cHJvamVjdHMvamltYXRiaXRlL2xvY2F0aW9ucy91cy1jZW50cmFsMS9vcGVyYXRpb25zL29wZXJhdGlvbi0xNzcyNTU1MTM1NTkwLTY0YzIxMjczMzlmNTMtMmRiMDUxZTQtNzFkNDZiMDI","metadata":{"@type":"type.googleapis.com/google.cloud.functions.v1.OperationMetadataV1","target":"projects/jimatbite/locations/us-central1/functions/updateDynamicPricing","type":"CREATE_FUNCTION","request":{"@type":"type.googleapis.com/google.cloud.functions.v1.CloudFunction","name":"projects/jimatbite/locations/us-central1/functions/updateDynamicPricing","eventTrigger":{"eventType":"google.pubsub.topic.publish","resource":"projects/jimatbite/topics/firebase-schedule-updateDynamicPricing-us-central1","failurePolicy":{}},"entryPoint":"updateDynamicPricing","updateTime":"1970-01-01T00:00:00Z","labels":{"deployment-tool":"cli-firebase","deployment-scheduled":"true","firebase-functions-hash":"480d6531dd8a40b57394aed0fa462b9aa1b5bf49"},"sourceUploadUrl":"https://storage.googleapis.com/uploads-435053250983.us-central1.cloudfunctions.appspot.com/d780e3ef-f5cc-4831-bab6-f84ca92c8152.zip?GoogleAccessId=service-99439612556@gcf-admin-robot.iam.gserviceaccount.com&Expires=1772556933&Signature=YA%2B47jAYwk66KTxsRx9v07JqRUl4ELBJhzC1jsoaV7qT3gAxobQeFGV2%2FQJvZHG7Zd0w1VQ5uqDpZWXF2nYwd26IZzlFOKVjJ7q2wFct8zifF1QcL87aZRWDzntDBvozIcxVs%2Bykq7p6Soh7OzsZ%2B%2BvMpRMwDJdEHR05crz7XNFuWoL6MHQOeieUT7O0Ye5jYkw7Le5JjRUqYqygxlyfIvXqMibD1By7X55uBLjzCDDbWowMTnig%2FLsF0flzYfEWp90Y%2FNGyJIvGnqreKrNv%2BXZ%2BilmOtjrnymJ%2B30mpn%2BS4owpbHklyQW8PTF1fDC1JYLC9ymoxz1Atq9vZYuLYqg%3D%3D","environmentVariables":{"FIREBASE_CONFIG":"{\"projectId\":\"jimatbite\",\"storageBucket\":\"jimatbite.firebasestorage.app\"}","GCLOUD_PROJECT":"jimatbite","EVENTARC_CLOUD_EVENT_SOURCE":"projects/jimatbite/locations/us-central1/functions/updateDynamicPricing"},"runtime":"nodejs20","buildEnvironmentVariables":{"GOOGLE_NODE_RUN_SCRIPTS":""},"dockerRegistry":"ARTIFACT_REGISTRY"},"versionId":"1","updateTime":"2026-03-03T16:25:36.942880155Z","buildId":"135b3745-88f9-4876-b559-9f0bd2d3920c","buildName":"projects/99439612556/locations/us-central1/builds/135b3745-88f9-4876-b559-9f0bd2d3920c"}}
[debug] [2026-03-03T16:27:17.702Z] [create-default-us-central1-updateDynamicPricing] Retrying task index 0
[debug] [2026-03-03T16:27:17.703Z] Checked if tokens are valid: true, expires at: 1772558194911
[debug] [2026-03-03T16:27:17.703Z] Checked if tokens are valid: true, expires at: 1772558194911
[debug] [2026-03-03T16:27:17.703Z] >>> [apiv2][query] GET https://cloudfunctions.googleapis.com/v1/operations/cHJvamVjdHMvamltYXRiaXRlL2xvY2F0aW9ucy91cy1jZW50cmFsMS9vcGVyYXRpb25zL29wZXJhdGlvbi0xNzcyNTU1MTM1NTkwLTY0YzIxMjczMzlmNTMtMmRiMDUxZTQtNzFkNDZiMDI [none]
[debug] [2026-03-03T16:27:18.101Z] <<< [apiv2][status] GET https://cloudfunctions.googleapis.com/v1/operations/cHJvamVjdHMvamltYXRiaXRlL2xvY2F0aW9ucy91cy1jZW50cmFsMS9vcGVyYXRpb25zL29wZXJhdGlvbi0xNzcyNTU1MTM1NTkwLTY0YzIxMjczMzlmNTMtMmRiMDUxZTQtNzFkNDZiMDI 200
[debug] [2026-03-03T16:27:18.102Z] <<< [apiv2][body] GET https://cloudfunctions.googleapis.com/v1/operations/cHJvamVjdHMvamltYXRiaXRlL2xvY2F0aW9ucy91cy1jZW50cmFsMS9vcGVyYXRpb25zL29wZXJhdGlvbi0xNzcyNTU1MTM1NTkwLTY0YzIxMjczMzlmNTMtMmRiMDUxZTQtNzFkNDZiMDI {"name":"operations/cHJvamVjdHMvamltYXRiaXRlL2xvY2F0aW9ucy91cy1jZW50cmFsMS9vcGVyYXRpb25zL29wZXJhdGlvbi0xNzcyNTU1MTM1NTkwLTY0YzIxMjczMzlmNTMtMmRiMDUxZTQtNzFkNDZiMDI","metadata":{"@type":"type.googleapis.com/google.cloud.functions.v1.OperationMetadataV1","target":"projects/jimatbite/locations/us-central1/functions/updateDynamicPricing","type":"CREATE_FUNCTION","request":{"@type":"type.googleapis.com/google.cloud.functions.v1.CloudFunction","name":"projects/jimatbite/locations/us-central1/functions/updateDynamicPricing","eventTrigger":{"eventType":"google.pubsub.topic.publish","resource":"projects/jimatbite/topics/firebase-schedule-updateDynamicPricing-us-central1","failurePolicy":{}},"entryPoint":"updateDynamicPricing","updateTime":"1970-01-01T00:00:00Z","labels":{"deployment-tool":"cli-firebase","deployment-scheduled":"true","firebase-functions-hash":"480d6531dd8a40b57394aed0fa462b9aa1b5bf49"},"sourceUploadUrl":"https://storage.googleapis.com/uploads-435053250983.us-central1.cloudfunctions.appspot.com/d780e3ef-f5cc-4831-bab6-f84ca92c8152.zip?GoogleAccessId=service-99439612556@gcf-admin-robot.iam.gserviceaccount.com&Expires=1772556933&Signature=YA%2B47jAYwk66KTxsRx9v07JqRUl4ELBJhzC1jsoaV7qT3gAxobQeFGV2%2FQJvZHG7Zd0w1VQ5uqDpZWXF2nYwd26IZzlFOKVjJ7q2wFct8zifF1QcL87aZRWDzntDBvozIcxVs%2Bykq7p6Soh7OzsZ%2B%2BvMpRMwDJdEHR05crz7XNFuWoL6MHQOeieUT7O0Ye5jYkw7Le5JjRUqYqygxlyfIvXqMibD1By7X55uBLjzCDDbWowMTnig%2FLsF0flzYfEWp90Y%2FNGyJIvGnqreKrNv%2BXZ%2BilmOtjrnymJ%2B30mpn%2BS4owpbHklyQW8PTF1fDC1JYLC9ymoxz1Atq9vZYuLYqg%3D%3D","environmentVariables":{"FIREBASE_CONFIG":"{\"projectId\":\"jimatbite\",\"storageBucket\":\"jimatbite.firebasestorage.app\"}","GCLOUD_PROJECT":"jimatbite","EVENTARC_CLOUD_EVENT_SOURCE":"projects/jimatbite/locations/us-central1/functions/updateDynamicPricing"},"runtime":"nodejs20","buildEnvironmentVariables":{"GOOGLE_NODE_RUN_SCRIPTS":""},"dockerRegistry":"ARTIFACT_REGISTRY"},"versionId":"1","updateTime":"2026-03-03T16:25:36.942880155Z","buildId":"135b3745-88f9-4876-b559-9f0bd2d3920c","sourceToken":"225b79bd-3a23-4eb6-9683-2eb1fd037728","buildName":"projects/99439612556/locations/us-central1/builds/135b3745-88f9-4876-b559-9f0bd2d3920c"}}
[debug] [2026-03-03T16:27:18.102Z] Got source token 225b79bd-3a23-4eb6-9683-2eb1fd037728 for region us-central1
[debug] [2026-03-03T16:27:28.107Z] [create-default-us-central1-updateDynamicPricing] Retrying task index 0
[debug] [2026-03-03T16:27:28.108Z] Checked if tokens are valid: true, expires at: 1772558194911
[debug] [2026-03-03T16:27:28.108Z] Checked if tokens are valid: true, expires at: 1772558194911
[debug] [2026-03-03T16:27:28.108Z] >>> [apiv2][query] GET https://cloudfunctions.googleapis.com/v1/operations/cHJvamVjdHMvamltYXRiaXRlL2xvY2F0aW9ucy91cy1jZW50cmFsMS9vcGVyYXRpb25zL29wZXJhdGlvbi0xNzcyNTU1MTM1NTkwLTY0YzIxMjczMzlmNTMtMmRiMDUxZTQtNzFkNDZiMDI [none]
[debug] [2026-03-03T16:27:28.536Z] <<< [apiv2][status] GET https://cloudfunctions.googleapis.com/v1/operations/cHJvamVjdHMvamltYXRiaXRlL2xvY2F0aW9ucy91cy1jZW50cmFsMS9vcGVyYXRpb25zL29wZXJhdGlvbi0xNzcyNTU1MTM1NTkwLTY0YzIxMjczMzlmNTMtMmRiMDUxZTQtNzFkNDZiMDI 200
[debug] [2026-03-03T16:27:28.537Z] <<< [apiv2][body] GET https://cloudfunctions.googleapis.com/v1/operations/cHJvamVjdHMvamltYXRiaXRlL2xvY2F0aW9ucy91cy1jZW50cmFsMS9vcGVyYXRpb25zL29wZXJhdGlvbi0xNzcyNTU1MTM1NTkwLTY0YzIxMjczMzlmNTMtMmRiMDUxZTQtNzFkNDZiMDI {"name":"operations/cHJvamVjdHMvamltYXRiaXRlL2xvY2F0aW9ucy91cy1jZW50cmFsMS9vcGVyYXRpb25zL29wZXJhdGlvbi0xNzcyNTU1MTM1NTkwLTY0YzIxMjczMzlmNTMtMmRiMDUxZTQtNzFkNDZiMDI","metadata":{"@type":"type.googleapis.com/google.cloud.functions.v1.OperationMetadataV1","target":"projects/jimatbite/locations/us-central1/functions/updateDynamicPricing","type":"CREATE_FUNCTION","request":{"@type":"type.googleapis.com/google.cloud.functions.v1.CloudFunction","name":"projects/jimatbite/locations/us-central1/functions/updateDynamicPricing","eventTrigger":{"eventType":"google.pubsub.topic.publish","resource":"projects/jimatbite/topics/firebase-schedule-updateDynamicPricing-us-central1","failurePolicy":{}},"entryPoint":"updateDynamicPricing","updateTime":"1970-01-01T00:00:00Z","labels":{"deployment-tool":"cli-firebase","deployment-scheduled":"true","firebase-functions-hash":"480d6531dd8a40b57394aed0fa462b9aa1b5bf49"},"sourceUploadUrl":"https://storage.googleapis.com/uploads-435053250983.us-central1.cloudfunctions.appspot.com/d780e3ef-f5cc-4831-bab6-f84ca92c8152.zip?GoogleAccessId=service-99439612556@gcf-admin-robot.iam.gserviceaccount.com&Expires=1772556933&Signature=YA%2B47jAYwk66KTxsRx9v07JqRUl4ELBJhzC1jsoaV7qT3gAxobQeFGV2%2FQJvZHG7Zd0w1VQ5uqDpZWXF2nYwd26IZzlFOKVjJ7q2wFct8zifF1QcL87aZRWDzntDBvozIcxVs%2Bykq7p6Soh7OzsZ%2B%2BvMpRMwDJdEHR05crz7XNFuWoL6MHQOeieUT7O0Ye5jYkw7Le5JjRUqYqygxlyfIvXqMibD1By7X55uBLjzCDDbWowMTnig%2FLsF0flzYfEWp90Y%2FNGyJIvGnqreKrNv%2BXZ%2BilmOtjrnymJ%2B30mpn%2BS4owpbHklyQW8PTF1fDC1JYLC9ymoxz1Atq9vZYuLYqg%3D%3D","environmentVariables":{"FIREBASE_CONFIG":"{\"projectId\":\"jimatbite\",\"storageBucket\":\"jimatbite.firebasestorage.app\"}","GCLOUD_PROJECT":"jimatbite","EVENTARC_CLOUD_EVENT_SOURCE":"projects/jimatbite/locations/us-central1/functions/updateDynamicPricing"},"runtime":"nodejs20","buildEnvironmentVariables":{"GOOGLE_NODE_RUN_SCRIPTS":""},"dockerRegistry":"ARTIFACT_REGISTRY"},"versionId":"1","updateTime":"2026-03-03T16:25:36.942880155Z","buildId":"135b3745-88f9-4876-b559-9f0bd2d3920c","sourceToken":"225b79bd-3a23-4eb6-9683-2eb1fd037728","buildName":"projects/99439612556/locations/us-central1/builds/135b3745-88f9-4876-b559-9f0bd2d3920c"}}
[debug] [2026-03-03T16:27:28.537Z] Got source token 225b79bd-3a23-4eb6-9683-2eb1fd037728 for region us-central1
[debug] [2026-03-03T16:27:38.543Z] [create-default-us-central1-updateDynamicPricing] Retrying task index 0
[debug] [2026-03-03T16:27:38.544Z] Checked if tokens are valid: true, expires at: 1772558194911
[debug] [2026-03-03T16:27:38.544Z] Checked if tokens are valid: true, expires at: 1772558194911
[debug] [2026-03-03T16:27:38.545Z] >>> [apiv2][query] GET https://cloudfunctions.googleapis.com/v1/operations/cHJvamVjdHMvamltYXRiaXRlL2xvY2F0aW9ucy91cy1jZW50cmFsMS9vcGVyYXRpb25zL29wZXJhdGlvbi0xNzcyNTU1MTM1NTkwLTY0YzIxMjczMzlmNTMtMmRiMDUxZTQtNzFkNDZiMDI [none]
[debug] [2026-03-03T16:27:38.896Z] <<< [apiv2][status] GET https://cloudfunctions.googleapis.com/v1/operations/cHJvamVjdHMvamltYXRiaXRlL2xvY2F0aW9ucy91cy1jZW50cmFsMS9vcGVyYXRpb25zL29wZXJhdGlvbi0xNzcyNTU1MTM1NTkwLTY0YzIxMjczMzlmNTMtMmRiMDUxZTQtNzFkNDZiMDI 200
[debug] [2026-03-03T16:27:38.896Z] <<< [apiv2][body] GET https://cloudfunctions.googleapis.com/v1/operations/cHJvamVjdHMvamltYXRiaXRlL2xvY2F0aW9ucy91cy1jZW50cmFsMS9vcGVyYXRpb25zL29wZXJhdGlvbi0xNzcyNTU1MTM1NTkwLTY0YzIxMjczMzlmNTMtMmRiMDUxZTQtNzFkNDZiMDI {"name":"operations/cHJvamVjdHMvamltYXRiaXRlL2xvY2F0aW9ucy91cy1jZW50cmFsMS9vcGVyYXRpb25zL29wZXJhdGlvbi0xNzcyNTU1MTM1NTkwLTY0YzIxMjczMzlmNTMtMmRiMDUxZTQtNzFkNDZiMDI","metadata":{"@type":"type.googleapis.com/google.cloud.functions.v1.OperationMetadataV1","target":"projects/jimatbite/locations/us-central1/functions/updateDynamicPricing","type":"CREATE_FUNCTION","request":{"@type":"type.googleapis.com/google.cloud.functions.v1.CloudFunction","name":"projects/jimatbite/locations/us-central1/functions/updateDynamicPricing","eventTrigger":{"eventType":"google.pubsub.topic.publish","resource":"projects/jimatbite/topics/firebase-schedule-updateDynamicPricing-us-central1","failurePolicy":{}},"entryPoint":"updateDynamicPricing","updateTime":"1970-01-01T00:00:00Z","labels":{"deployment-tool":"cli-firebase","deployment-scheduled":"true","firebase-functions-hash":"480d6531dd8a40b57394aed0fa462b9aa1b5bf49"},"sourceUploadUrl":"https://storage.googleapis.com/uploads-435053250983.us-central1.cloudfunctions.appspot.com/d780e3ef-f5cc-4831-bab6-f84ca92c8152.zip?GoogleAccessId=service-99439612556@gcf-admin-robot.iam.gserviceaccount.com&Expires=1772556933&Signature=YA%2B47jAYwk66KTxsRx9v07JqRUl4ELBJhzC1jsoaV7qT3gAxobQeFGV2%2FQJvZHG7Zd0w1VQ5uqDpZWXF2nYwd26IZzlFOKVjJ7q2wFct8zifF1QcL87aZRWDzntDBvozIcxVs%2Bykq7p6Soh7OzsZ%2B%2BvMpRMwDJdEHR05crz7XNFuWoL6MHQOeieUT7O0Ye5jYkw7Le5JjRUqYqygxlyfIvXqMibD1By7X55uBLjzCDDbWowMTnig%2FLsF0flzYfEWp90Y%2FNGyJIvGnqreKrNv%2BXZ%2BilmOtjrnymJ%2B30mpn%2BS4owpbHklyQW8PTF1fDC1JYLC9ymoxz1Atq9vZYuLYqg%3D%3D","environmentVariables":{"FIREBASE_CONFIG":"{\"projectId\":\"jimatbite\",\"storageBucket\":\"jimatbite.firebasestorage.app\"}","GCLOUD_PROJECT":"jimatbite","EVENTARC_CLOUD_EVENT_SOURCE":"projects/jimatbite/locations/us-central1/functions/updateDynamicPricing"},"runtime":"nodejs20","buildEnvironmentVariables":{"GOOGLE_NODE_RUN_SCRIPTS":""},"dockerRegistry":"ARTIFACT_REGISTRY"},"versionId":"1","updateTime":"2026-03-03T16:27:32.360941394Z","buildId":"135b3745-88f9-4876-b559-9f0bd2d3920c","sourceToken":"225b79bd-3a23-4eb6-9683-2eb1fd037728","buildName":"projects/99439612556/locations/us-central1/builds/135b3745-88f9-4876-b559-9f0bd2d3920c"},"done":true,"response":{"@type":"type.googleapis.com/google.cloud.functions.v1.CloudFunction","name":"projects/jimatbite/locations/us-central1/functions/updateDynamicPricing","eventTrigger":{"eventType":"google.pubsub.topic.publish","resource":"projects/jimatbite/topics/firebase-schedule-updateDynamicPricing-us-central1","service":"pubsub.googleapis.com","failurePolicy":{}},"status":"ACTIVE","entryPoint":"updateDynamicPricing","timeout":"60s","availableMemoryMb":256,"serviceAccountEmail":"jimatbite@appspot.gserviceaccount.com","updateTime":"2026-03-03T16:25:36.937907941Z","versionId":"1","labels":{"deployment-tool":"cli-firebase","deployment-scheduled":"true","firebase-functions-hash":"480d6531dd8a40b57394aed0fa462b9aa1b5bf49"},"sourceUploadUrl":"https://storage.googleapis.com/uploads-435053250983.us-central1.cloudfunctions.appspot.com/d780e3ef-f5cc-4831-bab6-f84ca92c8152.zip","environmentVariables":{"FIREBASE_CONFIG":"{\"projectId\":\"jimatbite\",\"storageBucket\":\"jimatbite.firebasestorage.app\"}","GCLOUD_PROJECT":"jimatbite","EVENTARC_CLOUD_EVENT_SOURCE":"projects/jimatbite/locations/us-central1/functions/updateDynamicPricing"},"runtime":"nodejs20","maxInstances":3000,"ingressSettings":"ALLOW_ALL","buildId":"135b3745-88f9-4876-b559-9f0bd2d3920c","buildEnvironmentVariables":{"GOOGLE_NODE_RUN_SCRIPTS":""},"buildName":"projects/99439612556/locations/us-central1/builds/135b3745-88f9-4876-b559-9f0bd2d3920c","dockerRegistry":"ARTIFACT_REGISTRY","automaticUpdatePolicy":{},"buildServiceAccount":"projects/jimatbite/serviceAccounts/99439612556-compute@developer.gserviceaccount.com","satisfiesPzi":true}}
[debug] [2026-03-03T16:27:38.896Z] Got source token 225b79bd-3a23-4eb6-9683-2eb1fd037728 for region us-central1
[debug] [2026-03-03T16:27:38.898Z] Checked if tokens are valid: true, expires at: 1772558194911
[debug] [2026-03-03T16:27:38.898Z] Checked if tokens are valid: true, expires at: 1772558194911
[debug] [2026-03-03T16:27:38.898Z] >>> [apiv2][query] GET https://cloudscheduler.googleapis.com/v1/projects/jimatbite/locations/us-central1/jobs/firebase-schedule-updateDynamicPricing-us-central1 [none]
[debug] [2026-03-03T16:27:40.201Z] <<< [apiv2][status] GET https://cloudscheduler.googleapis.com/v1/projects/jimatbite/locations/us-central1/jobs/firebase-schedule-updateDynamicPricing-us-central1 404
[debug] [2026-03-03T16:27:40.201Z] <<< [apiv2][body] GET https://cloudscheduler.googleapis.com/v1/projects/jimatbite/locations/us-central1/jobs/firebase-schedule-updateDynamicPricing-us-central1 {"error":{"code":404,"message":"Job not found.","status":"NOT_FOUND"}}
[debug] [2026-03-03T16:27:40.201Z] Checked if tokens are valid: true, expires at: 1772558194911
[debug] [2026-03-03T16:27:40.201Z] Checked if tokens are valid: true, expires at: 1772558194911
[debug] [2026-03-03T16:27:40.202Z] >>> [apiv2][query] POST https://cloudscheduler.googleapis.com/v1/projects/jimatbite/locations/us-central1/jobs [none]
[debug] [2026-03-03T16:27:40.202Z] >>> [apiv2][body] POST https://cloudscheduler.googleapis.com/v1/projects/jimatbite/locations/us-central1/jobs {"timeZone":"Asia/Kuala_Lumpur","name":"projects/jimatbite/locations/us-central1/jobs/firebase-schedule-updateDynamicPricing-us-central1","pubsubTarget":{"topicName":"projects/jimatbite/topics/firebase-schedule-updateDynamicPricing-us-central1","attributes":{"scheduled":"true"}},"schedule":"every 30 minutes","retryConfig":{"maxDoublings":null,"retryCount":null,"maxBackoffDuration":null,"minBackoffDuration":null,"maxRetryDuration":null}}
[debug] [2026-03-03T16:27:47.161Z] <<< [apiv2][status] POST https://cloudscheduler.googleapis.com/v1/projects/jimatbite/locations/us-central1/jobs 200
[debug] [2026-03-03T16:27:47.161Z] <<< [apiv2][body] POST https://cloudscheduler.googleapis.com/v1/projects/jimatbite/locations/us-central1/jobs {"name":"projects/jimatbite/locations/us-central1/jobs/firebase-schedule-updateDynamicPricing-us-central1","pubsubTarget":{"topicName":"projects/jimatbite/topics/firebase-schedule-updateDynamicPricing-us-central1","attributes":{"scheduled":"true"}},"userUpdateTime":"2026-03-03T16:27:47.015249Z","state":"ENABLED","status":{"code":-1},"scheduleTime":"2026-03-03T16:57:00Z","retryConfig":{"maxRetryDuration":"0s","minBackoffDuration":"5s","maxBackoffDuration":"3600s","maxDoublings":5},"schedule":"every 30 minutes","timeZone":"Asia/Kuala_Lumpur"}
[debug] [2026-03-03T16:27:47.161Z] created scheduler job firebase-schedule-updateDynamicPricing-us-central1
[info] +  functions[updateDynamicPricing(us-central1)] Successful create operation. 
[debug] [2026-03-03T16:27:47.167Z] Total Function Deployment time: 131952
[debug] [2026-03-03T16:27:47.167Z] 1 Functions Deployed
[debug] [2026-03-03T16:27:47.167Z] 0 Functions Errored
[debug] [2026-03-03T16:27:47.167Z] 0 Function Deployments Aborted
[debug] [2026-03-03T16:27:47.167Z] Average Function Deployment time: 131951
[debug] [2026-03-03T16:27:47.205Z] Checked if tokens are valid: true, expires at: 1772558194911
[debug] [2026-03-03T16:27:47.205Z] Checked if tokens are valid: true, expires at: 1772558194911
[debug] [2026-03-03T16:27:47.205Z] >>> [apiv2][query] GET https://artifactregistry.googleapis.com/v1/projects/jimatbite/locations/us-central1/repositories/gcf-artifacts [none]
[debug] [2026-03-03T16:27:48.503Z] <<< [apiv2][status] GET https://artifactregistry.googleapis.com/v1/projects/jimatbite/locations/us-central1/repositories/gcf-artifacts 200
[debug] [2026-03-03T16:27:48.504Z] <<< [apiv2][body] GET https://artifactregistry.googleapis.com/v1/projects/jimatbite/locations/us-central1/repositories/gcf-artifacts {"name":"projects/jimatbite/locations/us-central1/repositories/gcf-artifacts","format":"DOCKER","description":"This repository is created and used by Cloud Functions for storing function docker images.","labels":{"goog-managed-by":"cloudfunctions"},"createTime":"2026-03-03T16:25:47.302682Z","updateTime":"2026-03-03T16:26:54.497062Z","mode":"STANDARD_REPOSITORY","sizeBytes":"522742292","vulnerabilityScanningConfig":{"lastEnableTime":"2026-03-03T16:25:38.672381956Z","enablementState":"SCANNING_DISABLED","enablementStateReason":"API containerscanning.googleapis.com is not enabled."},"satisfiesPzi":true,"registryUri":"us-central1-docker.pkg.dev/jimatbite/gcf-artifacts"}
[warn] !  functions: No cleanup policy detected for repositories in us-central1. This may result in a small monthly bill as container images accumulate over time. 
[debug] [2026-03-03T16:28:33.596Z] ExitPromptError: User force closed the prompt with SIGINT
    at Interface.sigint (C:\Users\danial\AppData\Roaming\npm\node_modules\firebase-tools\node_modules\@inquirer\core\dist\commonjs\lib\create-prompt.js:101:37)
    at Interface.emit (node:events:508:28)
    at [_ttyWrite] [as _ttyWrite] (node:internal/readline/interface:1317:18)
    at ReadStream.onkeypress (node:internal/readline/interface:284:20)
    at ReadStream.emit (node:events:520:35)
    at emitKeys (node:internal/readline/utils:371:14)
    at emitKeys.next (<anonymous>)
    at ReadStream.onData (node:internal/readline/emitKeypressEvents:64:36)
    at ReadStream.emit (node:events:508:28)
    at addChunk (node:internal/streams/readable:559:12)
[error] 
[error] Error: An unexpected error has occurred.
